-- Found ament_cmake: 1.3.9 (/opt/ros/humble/share/ament_cmake/cmake)
-- Override CMake install command with custom implementation using symlinks instead of copying resources
-- Found urdf: 2.6.0 (/opt/ros/humble/share/urdf/cmake)
-- Configuring done
-- Generating done
-- Build files have been written to: /home/ros2/manipulation_ws/build/manipulation_description
-- Install configuration: ""
-- Execute custom install script
-- Up-to-date symlink: /home/ros2/manipulation_ws/install/manipulation_description/share/manipulation_description//urdf/arm.xacro
-- Up-to-date symlink: /home/ros2/manipulation_ws/install/manipulation_description/share/manipulation_description//urdf/arm_gazebo.xacro
-- Up-to-date symlink: /home/ros2/manipulation_ws/install/manipulation_description/share/manipulation_description//urdf/common_properties.xacro
-- Up-to-date symlink: /home/ros2/manipulation_ws/install/manipulation_description/share/manipulation_description//urdf/manipulation.urdf.xacro
-- Up-to-date symlink: /home/ros2/manipulation_ws/install/manipulation_description/share/manipulation_description//launch/display_launch.xml
-- Symlinking: /home/ros2/manipulation_ws/install/manipulation_description/share/manipulation_description//launch/gazebo.launch.py
-- Up-to-date symlink: /home/ros2/manipulation_ws/install/manipulation_description/share/manipulation_description//rviz/urdf_config.rviz
-- Up-to-date symlink: /home/ros2/manipulation_ws/install/manipulation_description/share/manipulation_description//meshes/base_link.STL
-- Up-to-date symlink: /home/ros2/manipulation_ws/install/manipulation_description/share/manipulation_description//meshes/gear1.STL
-- Up-to-date symlink: /home/ros2/manipulation_ws/install/manipulation_description/share/manipulation_description//meshes/gear2.STL
-- Up-to-date symlink: /home/ros2/manipulation_ws/install/manipulation_description/share/manipulation_description//meshes/link0.STL
-- Up-to-date symlink: /home/ros2/manipulation_ws/install/manipulation_description/share/manipulation_description//meshes/link1.STL
-- Up-to-date symlink: /home/ros2/manipulation_ws/install/manipulation_description/share/manipulation_description//meshes/link2.STL
-- Up-to-date symlink: /home/ros2/manipulation_ws/install/manipulation_description/share/manipulation_description//meshes/link3.STL
-- Up-to-date symlink: /home/ros2/manipulation_ws/install/manipulation_description/share/manipulation_description//meshes/link4.STL
-- Up-to-date symlink: /home/ros2/manipulation_ws/install/manipulation_description/share/manipulation_description//meshes/link5.STL
-- Up-to-date symlink: /home/ros2/manipulation_ws/install/manipulation_description/share/manipulation_description//meshes/link6.STL
-- Up-to-date symlink: /home/ros2/manipulation_ws/install/manipulation_description/share/manipulation_description//meshes/pinza1.STL
-- Up-to-date symlink: /home/ros2/manipulation_ws/install/manipulation_description/share/manipulation_description//meshes/pinza2.STL
-- Up-to-date symlink: /home/ros2/manipulation_ws/install/manipulation_description/share/manipulation_description//meshes/pivot1.STL
-- Up-to-date symlink: /home/ros2/manipulation_ws/install/manipulation_description/share/manipulation_description//meshes/pivot2.STL
-- Symlinking: /home/ros2/manipulation_ws/install/manipulation_description/share/manipulation_description//models/ground_plane/model-1_2.sdf
-- Symlinking: /home/ros2/manipulation_ws/install/manipulation_description/share/manipulation_description//models/ground_plane/model-1_3.sdf
-- Symlinking: /home/ros2/manipulation_ws/install/manipulation_description/share/manipulation_description//models/ground_plane/model-1_4.sdf
-- Symlinking: /home/ros2/manipulation_ws/install/manipulation_description/share/manipulation_description//models/ground_plane/model.config
-- Symlinking: /home/ros2/manipulation_ws/install/manipulation_description/share/manipulation_description//models/ground_plane/model.sdf
-- Symlinking: /home/ros2/manipulation_ws/install/manipulation_description/share/manipulation_description//models/sun/model-1_2.sdf
-- Symlinking: /home/ros2/manipulation_ws/install/manipulation_description/share/manipulation_description//models/sun/model-1_3.sdf
-- Symlinking: /home/ros2/manipulation_ws/install/manipulation_description/share/manipulation_description//models/sun/model-1_4.sdf
-- Symlinking: /home/ros2/manipulation_ws/install/manipulation_description/share/manipulation_description//models/sun/model.config
-- Symlinking: /home/ros2/manipulation_ws/install/manipulation_description/share/manipulation_description//models/sun/model.sdf
-- Up-to-date symlink: /home/ros2/manipulation_ws/install/manipulation_description/share/ament_index/resource_index/package_run_dependencies/manipulation_description
-- Up-to-date symlink: /home/ros2/manipulation_ws/install/manipulation_description/share/ament_index/resource_index/parent_prefix_path/manipulation_description
-- Up-to-date symlink: /home/ros2/manipulation_ws/install/manipulation_description/share/manipulation_description/environment/ament_prefix_path.sh
-- Up-to-date symlink: /home/ros2/manipulation_ws/install/manipulation_description/share/manipulation_description/environment/ament_prefix_path.dsv
-- Up-to-date symlink: /home/ros2/manipulation_ws/install/manipulation_description/share/manipulation_description/environment/path.sh
-- Up-to-date symlink: /home/ros2/manipulation_ws/install/manipulation_description/share/manipulation_description/environment/path.dsv
-- Up-to-date symlink: /home/ros2/manipulation_ws/install/manipulation_description/share/manipulation_description/local_setup.bash
-- Up-to-date symlink: /home/ros2/manipulation_ws/install/manipulation_description/share/manipulation_description/local_setup.sh
-- Up-to-date symlink: /home/ros2/manipulation_ws/install/manipulation_description/share/manipulation_description/local_setup.zsh
-- Up-to-date symlink: /home/ros2/manipulation_ws/install/manipulation_description/share/manipulation_description/local_setup.dsv
-- Symlinking: /home/ros2/manipulation_ws/install/manipulation_description/share/manipulation_description/package.dsv
-- Up-to-date symlink: /home/ros2/manipulation_ws/install/manipulation_description/share/ament_index/resource_index/packages/manipulation_description
-- Up-to-date symlink: /home/ros2/manipulation_ws/install/manipulation_description/share/manipulation_description/cmake/manipulation_descriptionConfig.cmake
-- Up-to-date symlink: /home/ros2/manipulation_ws/install/manipulation_description/share/manipulation_description/cmake/manipulation_descriptionConfig-version.cmake
-- Up-to-date symlink: /home/ros2/manipulation_ws/install/manipulation_description/share/manipulation_description/package.xml
