[0.015s] Invoking command in '/home/ros2/manipulation_ws/build/manipulation_description': CMAKE_PREFIX_PATH=${CMAKE_PREFIX_PATH}:/home/ros2/ros2_ws/install/actions_py:/home/ros2/bookros2_ws/install/pmb2_maps:/home/ros2/bookros2_ws/install/pal_gripper_controller_configuration:/home/ros2/bookros2_ws/install/launch_pal:/home/ros2/bookros2_ws/install/br2_fsm_bumpgo_py:/opt/ros/humble /usr/bin/cmake /home/ros2/manipulation_ws/src/manipulation_description -DCMAKE_INSTALL_PREFIX=/home/ros2/manipulation_ws/install/manipulation_description
[0.034s] -- Found ament_cmake: 1.3.9 (/opt/ros/humble/share/ament_cmake/cmake)
[0.127s] -- Override CMake install command with custom implementation using symlinks instead of copying resources
[0.155s] -- Found urdf: 2.6.0 (/opt/ros/humble/share/urdf/cmake)
[1.278s] -- Configuring done
[1.285s] -- Generating done
[1.286s] -- Build files have been written to: /home/ros2/manipulation_ws/build/manipulation_description
[1.290s] Invoked command in '/home/ros2/manipulation_ws/build/manipulation_description' returned '0': CMAKE_PREFIX_PATH=${CMAKE_PREFIX_PATH}:/home/ros2/ros2_ws/install/actions_py:/home/ros2/bookros2_ws/install/pmb2_maps:/home/ros2/bookros2_ws/install/pal_gripper_controller_configuration:/home/ros2/bookros2_ws/install/launch_pal:/home/ros2/bookros2_ws/install/br2_fsm_bumpgo_py:/opt/ros/humble /usr/bin/cmake /home/ros2/manipulation_ws/src/manipulation_description -DCMAKE_INSTALL_PREFIX=/home/ros2/manipulation_ws/install/manipulation_description
[1.290s] Invoking command in '/home/ros2/manipulation_ws/build/manipulation_description': CMAKE_PREFIX_PATH=${CMAKE_PREFIX_PATH}:/home/ros2/ros2_ws/install/actions_py:/home/ros2/bookros2_ws/install/pmb2_maps:/home/ros2/bookros2_ws/install/pal_gripper_controller_configuration:/home/ros2/bookros2_ws/install/launch_pal:/home/ros2/bookros2_ws/install/br2_fsm_bumpgo_py:/opt/ros/humble /usr/bin/cmake --build /home/ros2/manipulation_ws/build/manipulation_description -- -j16 -l16
[1.311s] Invoked command in '/home/ros2/manipulation_ws/build/manipulation_description' returned '0': CMAKE_PREFIX_PATH=${CMAKE_PREFIX_PATH}:/home/ros2/ros2_ws/install/actions_py:/home/ros2/bookros2_ws/install/pmb2_maps:/home/ros2/bookros2_ws/install/pal_gripper_controller_configuration:/home/ros2/bookros2_ws/install/launch_pal:/home/ros2/bookros2_ws/install/br2_fsm_bumpgo_py:/opt/ros/humble /usr/bin/cmake --build /home/ros2/manipulation_ws/build/manipulation_description -- -j16 -l16
[1.328s] Invoking command in '/home/ros2/manipulation_ws/build/manipulation_description': CMAKE_PREFIX_PATH=${CMAKE_PREFIX_PATH}:/home/ros2/ros2_ws/install/actions_py:/home/ros2/bookros2_ws/install/pmb2_maps:/home/ros2/bookros2_ws/install/pal_gripper_controller_configuration:/home/ros2/bookros2_ws/install/launch_pal:/home/ros2/bookros2_ws/install/br2_fsm_bumpgo_py:/opt/ros/humble /usr/bin/cmake --install /home/ros2/manipulation_ws/build/manipulation_description
[1.332s] -- Install configuration: ""
[1.332s] -- Execute custom install script
[1.333s] -- Up-to-date symlink: /home/ros2/manipulation_ws/install/manipulation_description/share/manipulation_description//urdf/arm.xacro
[1.333s] -- Up-to-date symlink: /home/ros2/manipulation_ws/install/manipulation_description/share/manipulation_description//urdf/arm_gazebo.xacro
[1.333s] -- Up-to-date symlink: /home/ros2/manipulation_ws/install/manipulation_description/share/manipulation_description//urdf/common_properties.xacro
[1.333s] -- Up-to-date symlink: /home/ros2/manipulation_ws/install/manipulation_description/share/manipulation_description//urdf/manipulation.urdf.xacro
[1.333s] -- Up-to-date symlink: /home/ros2/manipulation_ws/install/manipulation_description/share/manipulation_description//launch/display_launch.xml
[1.333s] -- Symlinking: /home/ros2/manipulation_ws/install/manipulation_description/share/manipulation_description//launch/gazebo.launch.py
[1.338s] -- Up-to-date symlink: /home/ros2/manipulation_ws/install/manipulation_description/share/manipulation_description//rviz/urdf_config.rviz
[1.338s] -- Up-to-date symlink: /home/ros2/manipulation_ws/install/manipulation_description/share/manipulation_description//meshes/base_link.STL
[1.338s] -- Up-to-date symlink: /home/ros2/manipulation_ws/install/manipulation_description/share/manipulation_description//meshes/gear1.STL
[1.338s] -- Up-to-date symlink: /home/ros2/manipulation_ws/install/manipulation_description/share/manipulation_description//meshes/gear2.STL
[1.338s] -- Up-to-date symlink: /home/ros2/manipulation_ws/install/manipulation_description/share/manipulation_description//meshes/link0.STL
[1.338s] -- Up-to-date symlink: /home/ros2/manipulation_ws/install/manipulation_description/share/manipulation_description//meshes/link1.STL
[1.338s] -- Up-to-date symlink: /home/ros2/manipulation_ws/install/manipulation_description/share/manipulation_description//meshes/link2.STL
[1.339s] -- Up-to-date symlink: /home/ros2/manipulation_ws/install/manipulation_description/share/manipulation_description//meshes/link3.STL
[1.339s] -- Up-to-date symlink: /home/ros2/manipulation_ws/install/manipulation_description/share/manipulation_description//meshes/link4.STL
[1.339s] -- Up-to-date symlink: /home/ros2/manipulation_ws/install/manipulation_description/share/manipulation_description//meshes/link5.STL
[1.339s] -- Up-to-date symlink: /home/ros2/manipulation_ws/install/manipulation_description/share/manipulation_description//meshes/link6.STL
[1.339s] -- Up-to-date symlink: /home/ros2/manipulation_ws/install/manipulation_description/share/manipulation_description//meshes/pinza1.STL
[1.339s] -- Up-to-date symlink: /home/ros2/manipulation_ws/install/manipulation_description/share/manipulation_description//meshes/pinza2.STL
[1.339s] -- Up-to-date symlink: /home/ros2/manipulation_ws/install/manipulation_description/share/manipulation_description//meshes/pivot1.STL
[1.339s] -- Up-to-date symlink: /home/ros2/manipulation_ws/install/manipulation_description/share/manipulation_description//meshes/pivot2.STL
[1.339s] -- Symlinking: /home/ros2/manipulation_ws/install/manipulation_description/share/manipulation_description//models/ground_plane/model-1_2.sdf
[1.343s] -- Symlinking: /home/ros2/manipulation_ws/install/manipulation_description/share/manipulation_description//models/ground_plane/model-1_3.sdf
[1.347s] -- Symlinking: /home/ros2/manipulation_ws/install/manipulation_description/share/manipulation_description//models/ground_plane/model-1_4.sdf
[1.351s] -- Symlinking: /home/ros2/manipulation_ws/install/manipulation_description/share/manipulation_description//models/ground_plane/model.config
[1.356s] -- Symlinking: /home/ros2/manipulation_ws/install/manipulation_description/share/manipulation_description//models/ground_plane/model.sdf
[1.360s] -- Symlinking: /home/ros2/manipulation_ws/install/manipulation_description/share/manipulation_description//models/sun/model-1_2.sdf
[1.365s] -- Symlinking: /home/ros2/manipulation_ws/install/manipulation_description/share/manipulation_description//models/sun/model-1_3.sdf
[1.369s] -- Symlinking: /home/ros2/manipulation_ws/install/manipulation_description/share/manipulation_description//models/sun/model-1_4.sdf
[1.373s] -- Symlinking: /home/ros2/manipulation_ws/install/manipulation_description/share/manipulation_description//models/sun/model.config
[1.377s] -- Symlinking: /home/ros2/manipulation_ws/install/manipulation_description/share/manipulation_description//models/sun/model.sdf
[1.382s] -- Up-to-date symlink: /home/ros2/manipulation_ws/install/manipulation_description/share/ament_index/resource_index/package_run_dependencies/manipulation_description
[1.382s] -- Up-to-date symlink: /home/ros2/manipulation_ws/install/manipulation_description/share/ament_index/resource_index/parent_prefix_path/manipulation_description
[1.382s] -- Up-to-date symlink: /home/ros2/manipulation_ws/install/manipulation_description/share/manipulation_description/environment/ament_prefix_path.sh
[1.382s] -- Up-to-date symlink: /home/ros2/manipulation_ws/install/manipulation_description/share/manipulation_description/environment/ament_prefix_path.dsv
[1.382s] -- Up-to-date symlink: /home/ros2/manipulation_ws/install/manipulation_description/share/manipulation_description/environment/path.sh
[1.383s] -- Up-to-date symlink: /home/ros2/manipulation_ws/install/manipulation_description/share/manipulation_description/environment/path.dsv
[1.383s] -- Up-to-date symlink: /home/ros2/manipulation_ws/install/manipulation_description/share/manipulation_description/local_setup.bash
[1.383s] -- Up-to-date symlink: /home/ros2/manipulation_ws/install/manipulation_description/share/manipulation_description/local_setup.sh
[1.383s] -- Up-to-date symlink: /home/ros2/manipulation_ws/install/manipulation_description/share/manipulation_description/local_setup.zsh
[1.383s] -- Up-to-date symlink: /home/ros2/manipulation_ws/install/manipulation_description/share/manipulation_description/local_setup.dsv
[1.383s] -- Symlinking: /home/ros2/manipulation_ws/install/manipulation_description/share/manipulation_description/package.dsv
[1.388s] -- Up-to-date symlink: /home/ros2/manipulation_ws/install/manipulation_description/share/ament_index/resource_index/packages/manipulation_description
[1.388s] -- Up-to-date symlink: /home/ros2/manipulation_ws/install/manipulation_description/share/manipulation_description/cmake/manipulation_descriptionConfig.cmake
[1.388s] -- Up-to-date symlink: /home/ros2/manipulation_ws/install/manipulation_description/share/manipulation_description/cmake/manipulation_descriptionConfig-version.cmake
[1.388s] -- Up-to-date symlink: /home/ros2/manipulation_ws/install/manipulation_description/share/manipulation_description/package.xml
[1.390s] Invoked command in '/home/ros2/manipulation_ws/build/manipulation_description' returned '0': CMAKE_PREFIX_PATH=${CMAKE_PREFIX_PATH}:/home/ros2/ros2_ws/install/actions_py:/home/ros2/bookros2_ws/install/pmb2_maps:/home/ros2/bookros2_ws/install/pal_gripper_controller_configuration:/home/ros2/bookros2_ws/install/launch_pal:/home/ros2/bookros2_ws/install/br2_fsm_bumpgo_py:/opt/ros/humble /usr/bin/cmake --install /home/ros2/manipulation_ws/build/manipulation_description
