[0.013s] Invoking command in '/home/ros2/manipulation_ws/build/manipulation_controller': CMAKE_PREFIX_PATH=${CMAKE_PREFIX_PATH}:/home/ros2/ros2_ws/install/actions_py:/home/ros2/bookros2_ws/install/pmb2_maps:/home/ros2/bookros2_ws/install/pal_gripper_controller_configuration:/home/ros2/bookros2_ws/install/launch_pal:/home/ros2/bookros2_ws/install/br2_fsm_bumpgo_py:/opt/ros/humble /usr/bin/cmake --build /home/ros2/manipulation_ws/build/manipulation_controller -- -j16 -l16
[0.024s] -- Found ament_cmake: 1.3.9 (/opt/ros/humble/share/ament_cmake/cmake)
[0.106s] -- Found ament_lint_auto: 0.12.11 (/opt/ros/humble/share/ament_lint_auto/cmake)
[0.153s] -- Added test 'lint_cmake' to check CMake code style
[0.153s] -- Added test 'xmllint' to check XML markup files
[0.153s] -- Configuring done
[0.154s] -- Generating done
[0.155s] -- Build files have been written to: /home/ros2/manipulation_ws/build/manipulation_controller
[0.169s] Invoked command in '/home/ros2/manipulation_ws/build/manipulation_controller' returned '0': CMAKE_PREFIX_PATH=${CMAKE_PREFIX_PATH}:/home/ros2/ros2_ws/install/actions_py:/home/ros2/bookros2_ws/install/pmb2_maps:/home/ros2/bookros2_ws/install/pal_gripper_controller_configuration:/home/ros2/bookros2_ws/install/launch_pal:/home/ros2/bookros2_ws/install/br2_fsm_bumpgo_py:/opt/ros/humble /usr/bin/cmake --build /home/ros2/manipulation_ws/build/manipulation_controller -- -j16 -l16
[0.186s] Invoking command in '/home/ros2/manipulation_ws/build/manipulation_controller': CMAKE_PREFIX_PATH=${CMAKE_PREFIX_PATH}:/home/ros2/ros2_ws/install/actions_py:/home/ros2/bookros2_ws/install/pmb2_maps:/home/ros2/bookros2_ws/install/pal_gripper_controller_configuration:/home/ros2/bookros2_ws/install/launch_pal:/home/ros2/bookros2_ws/install/br2_fsm_bumpgo_py:/opt/ros/humble /usr/bin/cmake --install /home/ros2/manipulation_ws/build/manipulation_controller
[0.189s] -- Install configuration: ""
[0.189s] -- Installing: /home/ros2/manipulation_ws/install/manipulation_controller/share/manipulation_controller/config
[0.189s] -- Installing: /home/ros2/manipulation_ws/install/manipulation_controller/share/manipulation_controller/config/manipulation_controllers.yaml
[0.190s] -- Installing: /home/ros2/manipulation_ws/install/manipulation_controller/share/manipulation_controller/launch
[0.190s] -- Up-to-date: /home/ros2/manipulation_ws/install/manipulation_controller/share/ament_index/resource_index/package_run_dependencies/manipulation_controller
[0.190s] -- Up-to-date: /home/ros2/manipulation_ws/install/manipulation_controller/share/ament_index/resource_index/parent_prefix_path/manipulation_controller
[0.190s] -- Up-to-date: /home/ros2/manipulation_ws/install/manipulation_controller/share/manipulation_controller/environment/ament_prefix_path.sh
[0.190s] -- Installing: /home/ros2/manipulation_ws/install/manipulation_controller/share/manipulation_controller/environment/ament_prefix_path.dsv
[0.190s] -- Up-to-date: /home/ros2/manipulation_ws/install/manipulation_controller/share/manipulation_controller/environment/path.sh
[0.191s] -- Installing: /home/ros2/manipulation_ws/install/manipulation_controller/share/manipulation_controller/environment/path.dsv
[0.191s] -- Up-to-date: /home/ros2/manipulation_ws/install/manipulation_controller/share/manipulation_controller/local_setup.bash
[0.191s] -- Up-to-date: /home/ros2/manipulation_ws/install/manipulation_controller/share/manipulation_controller/local_setup.sh
[0.191s] -- Up-to-date: /home/ros2/manipulation_ws/install/manipulation_controller/share/manipulation_controller/local_setup.zsh
[0.191s] -- Installing: /home/ros2/manipulation_ws/install/manipulation_controller/share/manipulation_controller/local_setup.dsv
[0.192s] -- Installing: /home/ros2/manipulation_ws/install/manipulation_controller/share/manipulation_controller/package.dsv
[0.192s] -- Up-to-date: /home/ros2/manipulation_ws/install/manipulation_controller/share/ament_index/resource_index/packages/manipulation_controller
[0.192s] -- Up-to-date: /home/ros2/manipulation_ws/install/manipulation_controller/share/manipulation_controller/cmake/manipulation_controllerConfig.cmake
[0.192s] -- Up-to-date: /home/ros2/manipulation_ws/install/manipulation_controller/share/manipulation_controller/cmake/manipulation_controllerConfig-version.cmake
[0.192s] -- Up-to-date: /home/ros2/manipulation_ws/install/manipulation_controller/share/manipulation_controller/package.xml
[0.193s] Invoked command in '/home/ros2/manipulation_ws/build/manipulation_controller' returned '0': CMAKE_PREFIX_PATH=${CMAKE_PREFIX_PATH}:/home/ros2/ros2_ws/install/actions_py:/home/ros2/bookros2_ws/install/pmb2_maps:/home/ros2/bookros2_ws/install/pal_gripper_controller_configuration:/home/ros2/bookros2_ws/install/launch_pal:/home/ros2/bookros2_ws/install/br2_fsm_bumpgo_py:/opt/ros/humble /usr/bin/cmake --install /home/ros2/manipulation_ws/build/manipulation_controller
