[0.118s] DEBUG:colcon:Command line arguments: ['/usr/bin/colcon', 'build']
[0.118s] DEBUG:colcon:Parsed command line arguments: Namespace(log_base=None, log_level=None, verb_name='build', build_base='build', install_base='install', merge_install=False, symlink_install=False, test_result_base=None, continue_on_error=False, executor='parallel', parallel_workers=16, event_handlers=None, ignore_user_meta=False, metas=['./colcon.meta'], base_paths=['.'], packages_ignore=None, packages_ignore_regex=None, paths=None, packages_up_to=None, packages_up_to_regex=None, packages_above=None, packages_above_and_dependencies=None, packages_above_depth=None, packages_select_by_dep=None, packages_skip_by_dep=None, packages_skip_up_to=None, packages_select_build_failed=False, packages_skip_build_finished=False, packages_select_test_failures=False, packages_skip_test_passed=False, packages_select=None, packages_skip=None, packages_select_regex=None, packages_skip_regex=None, packages_start=None, packages_end=None, allow_overriding=[], cmake_args=None, cmake_target=None, cmake_target_skip_unavailable=False, cmake_clean_cache=False, cmake_clean_first=False, cmake_force_configure=False, ament_cmake_args=None, catkin_cmake_args=None, catkin_skip_building_tests=False, verb_parser=<colcon_defaults.argument_parser.defaults.DefaultArgumentsDecorator object at 0x7f37ed4c4b80>, verb_extension=<colcon_core.verb.build.BuildVerb object at 0x7f37ed4c4070>, main=<bound method BuildVerb.main of <colcon_core.verb.build.BuildVerb object at 0x7f37ed4c4070>>)
[0.205s] Level 1:colcon.colcon_core.package_discovery:discover_packages(colcon_meta) check parameters
[0.205s] Level 1:colcon.colcon_core.package_discovery:discover_packages(recursive) check parameters
[0.205s] Level 1:colcon.colcon_core.package_discovery:discover_packages(ignore) check parameters
[0.205s] Level 1:colcon.colcon_core.package_discovery:discover_packages(path) check parameters
[0.205s] Level 1:colcon.colcon_core.package_discovery:discover_packages(colcon_meta) discover
[0.205s] Level 1:colcon.colcon_core.package_discovery:discover_packages(recursive) discover
[0.205s] INFO:colcon.colcon_core.package_discovery:Crawling recursively for packages in '/home/ros2/manipulation_ws'
[0.205s] Level 1:colcon.colcon_core.package_identification:_identify(.) by extensions ['ignore', 'ignore_ament_install']
[0.205s] Level 1:colcon.colcon_core.package_identification:_identify(.) by extension 'ignore'
[0.205s] Level 1:colcon.colcon_core.package_identification:_identify(.) by extension 'ignore_ament_install'
[0.205s] Level 1:colcon.colcon_core.package_identification:_identify(.) by extensions ['colcon_pkg']
[0.205s] Level 1:colcon.colcon_core.package_identification:_identify(.) by extension 'colcon_pkg'
[0.205s] Level 1:colcon.colcon_core.package_identification:_identify(.) by extensions ['colcon_meta']
[0.205s] Level 1:colcon.colcon_core.package_identification:_identify(.) by extension 'colcon_meta'
[0.205s] Level 1:colcon.colcon_core.package_identification:_identify(.) by extensions ['ros']
[0.205s] Level 1:colcon.colcon_core.package_identification:_identify(.) by extension 'ros'
[0.212s] Level 1:colcon.colcon_core.package_identification:_identify(.) by extensions ['cmake', 'python']
[0.212s] Level 1:colcon.colcon_core.package_identification:_identify(.) by extension 'cmake'
[0.212s] Level 1:colcon.colcon_core.package_identification:_identify(.) by extension 'python'
[0.212s] Level 1:colcon.colcon_core.package_identification:_identify(.) by extensions ['python_setup_py']
[0.212s] Level 1:colcon.colcon_core.package_identification:_identify(.) by extension 'python_setup_py'
[0.212s] Level 1:colcon.colcon_core.package_identification:_identify(build) by extensions ['ignore', 'ignore_ament_install']
[0.212s] Level 1:colcon.colcon_core.package_identification:_identify(build) by extension 'ignore'
[0.212s] Level 1:colcon.colcon_core.package_identification:_identify(build) ignored
[0.212s] Level 1:colcon.colcon_core.package_identification:_identify(install) by extensions ['ignore', 'ignore_ament_install']
[0.212s] Level 1:colcon.colcon_core.package_identification:_identify(install) by extension 'ignore'
[0.212s] Level 1:colcon.colcon_core.package_identification:_identify(install) ignored
[0.212s] Level 1:colcon.colcon_core.package_identification:_identify(log) by extensions ['ignore', 'ignore_ament_install']
[0.212s] Level 1:colcon.colcon_core.package_identification:_identify(log) by extension 'ignore'
[0.212s] Level 1:colcon.colcon_core.package_identification:_identify(log) ignored
[0.212s] Level 1:colcon.colcon_core.package_identification:_identify(src) by extensions ['ignore', 'ignore_ament_install']
[0.212s] Level 1:colcon.colcon_core.package_identification:_identify(src) by extension 'ignore'
[0.212s] Level 1:colcon.colcon_core.package_identification:_identify(src) by extension 'ignore_ament_install'
[0.212s] Level 1:colcon.colcon_core.package_identification:_identify(src) by extensions ['colcon_pkg']
[0.212s] Level 1:colcon.colcon_core.package_identification:_identify(src) by extension 'colcon_pkg'
[0.212s] Level 1:colcon.colcon_core.package_identification:_identify(src) by extensions ['colcon_meta']
[0.213s] Level 1:colcon.colcon_core.package_identification:_identify(src) by extension 'colcon_meta'
[0.213s] Level 1:colcon.colcon_core.package_identification:_identify(src) by extensions ['ros']
[0.213s] Level 1:colcon.colcon_core.package_identification:_identify(src) by extension 'ros'
[0.213s] Level 1:colcon.colcon_core.package_identification:_identify(src) by extensions ['cmake', 'python']
[0.213s] Level 1:colcon.colcon_core.package_identification:_identify(src) by extension 'cmake'
[0.213s] Level 1:colcon.colcon_core.package_identification:_identify(src) by extension 'python'
[0.213s] Level 1:colcon.colcon_core.package_identification:_identify(src) by extensions ['python_setup_py']
[0.213s] Level 1:colcon.colcon_core.package_identification:_identify(src) by extension 'python_setup_py'
[0.213s] Level 1:colcon.colcon_core.package_identification:_identify(src/manipulation_bringup) by extensions ['ignore', 'ignore_ament_install']
[0.213s] Level 1:colcon.colcon_core.package_identification:_identify(src/manipulation_bringup) by extension 'ignore'
[0.213s] Level 1:colcon.colcon_core.package_identification:_identify(src/manipulation_bringup) by extension 'ignore_ament_install'
[0.213s] Level 1:colcon.colcon_core.package_identification:_identify(src/manipulation_bringup) by extensions ['colcon_pkg']
[0.213s] Level 1:colcon.colcon_core.package_identification:_identify(src/manipulation_bringup) by extension 'colcon_pkg'
[0.213s] Level 1:colcon.colcon_core.package_identification:_identify(src/manipulation_bringup) by extensions ['colcon_meta']
[0.213s] Level 1:colcon.colcon_core.package_identification:_identify(src/manipulation_bringup) by extension 'colcon_meta'
[0.213s] Level 1:colcon.colcon_core.package_identification:_identify(src/manipulation_bringup) by extensions ['ros']
[0.213s] Level 1:colcon.colcon_core.package_identification:_identify(src/manipulation_bringup) by extension 'ros'
[0.214s] DEBUG:colcon.colcon_core.package_identification:Package 'src/manipulation_bringup' with type 'ros.ament_cmake' and name 'manipulation_bringup'
[0.214s] Level 1:colcon.colcon_core.package_identification:_identify(src/manipulation_controller) by extensions ['ignore', 'ignore_ament_install']
[0.214s] Level 1:colcon.colcon_core.package_identification:_identify(src/manipulation_controller) by extension 'ignore'
[0.214s] Level 1:colcon.colcon_core.package_identification:_identify(src/manipulation_controller) by extension 'ignore_ament_install'
[0.215s] Level 1:colcon.colcon_core.package_identification:_identify(src/manipulation_controller) by extensions ['colcon_pkg']
[0.215s] Level 1:colcon.colcon_core.package_identification:_identify(src/manipulation_controller) by extension 'colcon_pkg'
[0.215s] Level 1:colcon.colcon_core.package_identification:_identify(src/manipulation_controller) by extensions ['colcon_meta']
[0.215s] Level 1:colcon.colcon_core.package_identification:_identify(src/manipulation_controller) by extension 'colcon_meta'
[0.215s] Level 1:colcon.colcon_core.package_identification:_identify(src/manipulation_controller) by extensions ['ros']
[0.215s] Level 1:colcon.colcon_core.package_identification:_identify(src/manipulation_controller) by extension 'ros'
[0.215s] DEBUG:colcon.colcon_core.package_identification:Package 'src/manipulation_controller' with type 'ros.ament_cmake' and name 'manipulation_controller'
[0.215s] Level 1:colcon.colcon_core.package_identification:_identify(src/manipulation_description) by extensions ['ignore', 'ignore_ament_install']
[0.215s] Level 1:colcon.colcon_core.package_identification:_identify(src/manipulation_description) by extension 'ignore'
[0.215s] Level 1:colcon.colcon_core.package_identification:_identify(src/manipulation_description) by extension 'ignore_ament_install'
[0.215s] Level 1:colcon.colcon_core.package_identification:_identify(src/manipulation_description) by extensions ['colcon_pkg']
[0.215s] Level 1:colcon.colcon_core.package_identification:_identify(src/manipulation_description) by extension 'colcon_pkg'
[0.215s] Level 1:colcon.colcon_core.package_identification:_identify(src/manipulation_description) by extensions ['colcon_meta']
[0.215s] Level 1:colcon.colcon_core.package_identification:_identify(src/manipulation_description) by extension 'colcon_meta'
[0.215s] Level 1:colcon.colcon_core.package_identification:_identify(src/manipulation_description) by extensions ['ros']
[0.215s] Level 1:colcon.colcon_core.package_identification:_identify(src/manipulation_description) by extension 'ros'
[0.216s] DEBUG:colcon.colcon_core.package_identification:Package 'src/manipulation_description' with type 'ros.ament_cmake' and name 'manipulation_description'
[0.216s] Level 1:colcon.colcon_core.package_discovery:discover_packages(recursive) using defaults
[0.216s] Level 1:colcon.colcon_core.package_discovery:discover_packages(ignore) discover
[0.216s] Level 1:colcon.colcon_core.package_discovery:discover_packages(ignore) using defaults
[0.216s] Level 1:colcon.colcon_core.package_discovery:discover_packages(path) discover
[0.216s] Level 1:colcon.colcon_core.package_discovery:discover_packages(path) using defaults
[0.227s] Level 1:colcon.colcon_core.package_discovery:discover_packages(prefix_path) check parameters
[0.227s] Level 1:colcon.colcon_core.package_discovery:discover_packages(prefix_path) discover
[0.229s] DEBUG:colcon.colcon_installed_package_information.package_discovery:Found 2 installed packages in /home/ros2/manipulation_ws/install
[0.229s] DEBUG:colcon.colcon_installed_package_information.package_discovery:Found 5 installed packages in /home/ros2/ros2_ws/install
[0.230s] DEBUG:colcon.colcon_installed_package_information.package_discovery:Found 38 installed packages in /home/ros2/bookros2_ws/install
[0.230s] DEBUG:colcon.colcon_installed_package_information.package_discovery:Found 6 installed packages in /home/ros2/arduinobot_ws/install
[0.231s] DEBUG:colcon.colcon_installed_package_information.package_discovery:Found 429 installed packages in /opt/ros/humble
[0.238s] Level 1:colcon.colcon_core.package_discovery:discover_packages(prefix_path) using defaults
[0.268s] Level 5:colcon.colcon_core.verb:set package 'manipulation_controller' build argument 'cmake_args' from command line to 'None'
[0.268s] Level 5:colcon.colcon_core.verb:set package 'manipulation_controller' build argument 'cmake_target' from command line to 'None'
[0.268s] Level 5:colcon.colcon_core.verb:set package 'manipulation_controller' build argument 'cmake_target_skip_unavailable' from command line to 'False'
[0.268s] Level 5:colcon.colcon_core.verb:set package 'manipulation_controller' build argument 'cmake_clean_cache' from command line to 'False'
[0.268s] Level 5:colcon.colcon_core.verb:set package 'manipulation_controller' build argument 'cmake_clean_first' from command line to 'False'
[0.268s] Level 5:colcon.colcon_core.verb:set package 'manipulation_controller' build argument 'cmake_force_configure' from command line to 'False'
[0.268s] Level 5:colcon.colcon_core.verb:set package 'manipulation_controller' build argument 'ament_cmake_args' from command line to 'None'
[0.268s] Level 5:colcon.colcon_core.verb:set package 'manipulation_controller' build argument 'catkin_cmake_args' from command line to 'None'
[0.268s] Level 5:colcon.colcon_core.verb:set package 'manipulation_controller' build argument 'catkin_skip_building_tests' from command line to 'False'
[0.268s] DEBUG:colcon.colcon_core.verb:Building package 'manipulation_controller' with the following arguments: {'ament_cmake_args': None, 'build_base': '/home/ros2/manipulation_ws/build/manipulation_controller', 'catkin_cmake_args': None, 'catkin_skip_building_tests': False, 'cmake_args': None, 'cmake_clean_cache': False, 'cmake_clean_first': False, 'cmake_force_configure': False, 'cmake_target': None, 'cmake_target_skip_unavailable': False, 'install_base': '/home/ros2/manipulation_ws/install/manipulation_controller', 'merge_install': False, 'path': '/home/ros2/manipulation_ws/src/manipulation_controller', 'symlink_install': False, 'test_result_base': None}
[0.268s] Level 5:colcon.colcon_core.verb:set package 'manipulation_description' build argument 'cmake_args' from command line to 'None'
[0.268s] Level 5:colcon.colcon_core.verb:set package 'manipulation_description' build argument 'cmake_target' from command line to 'None'
[0.269s] Level 5:colcon.colcon_core.verb:set package 'manipulation_description' build argument 'cmake_target_skip_unavailable' from command line to 'False'
[0.269s] Level 5:colcon.colcon_core.verb:set package 'manipulation_description' build argument 'cmake_clean_cache' from command line to 'False'
[0.269s] Level 5:colcon.colcon_core.verb:set package 'manipulation_description' build argument 'cmake_clean_first' from command line to 'False'
[0.269s] Level 5:colcon.colcon_core.verb:set package 'manipulation_description' build argument 'cmake_force_configure' from command line to 'False'
[0.269s] Level 5:colcon.colcon_core.verb:set package 'manipulation_description' build argument 'ament_cmake_args' from command line to 'None'
[0.269s] Level 5:colcon.colcon_core.verb:set package 'manipulation_description' build argument 'catkin_cmake_args' from command line to 'None'
[0.269s] Level 5:colcon.colcon_core.verb:set package 'manipulation_description' build argument 'catkin_skip_building_tests' from command line to 'False'
[0.269s] DEBUG:colcon.colcon_core.verb:Building package 'manipulation_description' with the following arguments: {'ament_cmake_args': None, 'build_base': '/home/ros2/manipulation_ws/build/manipulation_description', 'catkin_cmake_args': None, 'catkin_skip_building_tests': False, 'cmake_args': None, 'cmake_clean_cache': False, 'cmake_clean_first': False, 'cmake_force_configure': False, 'cmake_target': None, 'cmake_target_skip_unavailable': False, 'install_base': '/home/ros2/manipulation_ws/install/manipulation_description', 'merge_install': False, 'path': '/home/ros2/manipulation_ws/src/manipulation_description', 'symlink_install': False, 'test_result_base': None}
[0.269s] Level 5:colcon.colcon_core.verb:set package 'manipulation_bringup' build argument 'cmake_args' from command line to 'None'
[0.269s] Level 5:colcon.colcon_core.verb:set package 'manipulation_bringup' build argument 'cmake_target' from command line to 'None'
[0.269s] Level 5:colcon.colcon_core.verb:set package 'manipulation_bringup' build argument 'cmake_target_skip_unavailable' from command line to 'False'
[0.269s] Level 5:colcon.colcon_core.verb:set package 'manipulation_bringup' build argument 'cmake_clean_cache' from command line to 'False'
[0.269s] Level 5:colcon.colcon_core.verb:set package 'manipulation_bringup' build argument 'cmake_clean_first' from command line to 'False'
[0.269s] Level 5:colcon.colcon_core.verb:set package 'manipulation_bringup' build argument 'cmake_force_configure' from command line to 'False'
[0.269s] Level 5:colcon.colcon_core.verb:set package 'manipulation_bringup' build argument 'ament_cmake_args' from command line to 'None'
[0.269s] Level 5:colcon.colcon_core.verb:set package 'manipulation_bringup' build argument 'catkin_cmake_args' from command line to 'None'
[0.269s] Level 5:colcon.colcon_core.verb:set package 'manipulation_bringup' build argument 'catkin_skip_building_tests' from command line to 'False'
[0.269s] DEBUG:colcon.colcon_core.verb:Building package 'manipulation_bringup' with the following arguments: {'ament_cmake_args': None, 'build_base': '/home/ros2/manipulation_ws/build/manipulation_bringup', 'catkin_cmake_args': None, 'catkin_skip_building_tests': False, 'cmake_args': None, 'cmake_clean_cache': False, 'cmake_clean_first': False, 'cmake_force_configure': False, 'cmake_target': None, 'cmake_target_skip_unavailable': False, 'install_base': '/home/ros2/manipulation_ws/install/manipulation_bringup', 'merge_install': False, 'path': '/home/ros2/manipulation_ws/src/manipulation_bringup', 'symlink_install': False, 'test_result_base': None}
[0.269s] INFO:colcon.colcon_core.executor:Executing jobs using 'parallel' executor
[0.270s] DEBUG:colcon.colcon_parallel_executor.executor.parallel:run_until_complete
[0.270s] INFO:colcon.colcon_ros.task.ament_cmake.build:Building ROS package in '/home/ros2/manipulation_ws/src/manipulation_description' with build type 'ament_cmake'
[0.270s] INFO:colcon.colcon_cmake.task.cmake.build:Building CMake package in '/home/ros2/manipulation_ws/src/manipulation_description'
[0.272s] INFO:colcon.colcon_core.plugin_system:Skipping extension 'colcon_core.shell.bat': Not used on non-Windows systems
[0.272s] INFO:colcon.colcon_core.shell:Skip shell extension 'powershell' for command environment: Not usable outside of PowerShell
[0.272s] DEBUG:colcon.colcon_core.shell:Skip shell extension 'dsv' for command environment
[0.276s] INFO:colcon.colcon_ros.task.ament_cmake.build:Building ROS package in '/home/ros2/manipulation_ws/src/manipulation_controller' with build type 'ament_cmake'
[0.276s] INFO:colcon.colcon_cmake.task.cmake.build:Building CMake package in '/home/ros2/manipulation_ws/src/manipulation_controller'
[0.276s] INFO:colcon.colcon_core.shell:Skip shell extension 'powershell' for command environment: Not usable outside of PowerShell
[0.277s] DEBUG:colcon.colcon_core.shell:Skip shell extension 'dsv' for command environment
[0.286s] DEBUG:colcon.colcon_core.event_handler.log_command:Invoking command in '/home/ros2/manipulation_ws/build/manipulation_description': CMAKE_PREFIX_PATH=${CMAKE_PREFIX_PATH}:/home/ros2/ros2_ws/install/actions_py:/home/ros2/bookros2_ws/install/pmb2_maps:/home/ros2/bookros2_ws/install/pal_gripper_controller_configuration:/home/ros2/bookros2_ws/install/launch_pal:/home/ros2/bookros2_ws/install/br2_fsm_bumpgo_py:/opt/ros/humble /usr/bin/cmake --build /home/ros2/manipulation_ws/build/manipulation_description -- -j16 -l16
[0.289s] DEBUG:colcon.colcon_core.event_handler.log_command:Invoking command in '/home/ros2/manipulation_ws/build/manipulation_controller': CMAKE_PREFIX_PATH=${CMAKE_PREFIX_PATH}:/home/ros2/ros2_ws/install/actions_py:/home/ros2/bookros2_ws/install/pmb2_maps:/home/ros2/bookros2_ws/install/pal_gripper_controller_configuration:/home/ros2/bookros2_ws/install/launch_pal:/home/ros2/bookros2_ws/install/br2_fsm_bumpgo_py:/opt/ros/humble /usr/bin/cmake /home/ros2/manipulation_ws/src/manipulation_controller -DCMAKE_INSTALL_PREFIX=/home/ros2/manipulation_ws/install/manipulation_controller
[0.308s] DEBUG:colcon.colcon_core.event_handler.log_command:Invoked command in '/home/ros2/manipulation_ws/build/manipulation_description' returned '0': CMAKE_PREFIX_PATH=${CMAKE_PREFIX_PATH}:/home/ros2/ros2_ws/install/actions_py:/home/ros2/bookros2_ws/install/pmb2_maps:/home/ros2/bookros2_ws/install/pal_gripper_controller_configuration:/home/ros2/bookros2_ws/install/launch_pal:/home/ros2/bookros2_ws/install/br2_fsm_bumpgo_py:/opt/ros/humble /usr/bin/cmake --build /home/ros2/manipulation_ws/build/manipulation_description -- -j16 -l16
[0.328s] DEBUG:colcon.colcon_core.event_handler.log_command:Invoking command in '/home/ros2/manipulation_ws/build/manipulation_description': CMAKE_PREFIX_PATH=${CMAKE_PREFIX_PATH}:/home/ros2/ros2_ws/install/actions_py:/home/ros2/bookros2_ws/install/pmb2_maps:/home/ros2/bookros2_ws/install/pal_gripper_controller_configuration:/home/ros2/bookros2_ws/install/launch_pal:/home/ros2/bookros2_ws/install/br2_fsm_bumpgo_py:/opt/ros/humble /usr/bin/cmake --install /home/ros2/manipulation_ws/build/manipulation_description
[0.347s] Level 1:colcon.colcon_core.environment:create_environment_scripts_only(manipulation_description)
[0.347s] DEBUG:colcon.colcon_core.event_handler.log_command:Invoked command in '/home/ros2/manipulation_ws/build/manipulation_description' returned '0': CMAKE_PREFIX_PATH=${CMAKE_PREFIX_PATH}:/home/ros2/ros2_ws/install/actions_py:/home/ros2/bookros2_ws/install/pmb2_maps:/home/ros2/bookros2_ws/install/pal_gripper_controller_configuration:/home/ros2/bookros2_ws/install/launch_pal:/home/ros2/bookros2_ws/install/br2_fsm_bumpgo_py:/opt/ros/humble /usr/bin/cmake --install /home/ros2/manipulation_ws/build/manipulation_description
[0.349s] Level 1:colcon.colcon_core.environment:checking '/home/ros2/manipulation_ws/install/manipulation_description' for CMake module files
[0.349s] Level 1:colcon.colcon_core.environment:checking '/home/ros2/manipulation_ws/install/manipulation_description' for CMake config files
[0.349s] Level 1:colcon.colcon_core.shell:create_environment_hook('manipulation_description', 'cmake_prefix_path')
[0.349s] INFO:colcon.colcon_core.shell:Creating environment hook '/home/ros2/manipulation_ws/install/manipulation_description/share/manipulation_description/hook/cmake_prefix_path.ps1'
[0.350s] INFO:colcon.colcon_core.shell:Creating environment descriptor '/home/ros2/manipulation_ws/install/manipulation_description/share/manipulation_description/hook/cmake_prefix_path.dsv'
[0.350s] INFO:colcon.colcon_core.shell:Creating environment hook '/home/ros2/manipulation_ws/install/manipulation_description/share/manipulation_description/hook/cmake_prefix_path.sh'
[0.350s] Level 1:colcon.colcon_core.environment:checking '/home/ros2/manipulation_ws/install/manipulation_description/bin'
[0.350s] Level 1:colcon.colcon_core.environment:checking '/home/ros2/manipulation_ws/install/manipulation_description/lib/pkgconfig/manipulation_description.pc'
[0.351s] Level 1:colcon.colcon_core.environment:checking '/home/ros2/manipulation_ws/install/manipulation_description/lib/python3.10/site-packages'
[0.351s] Level 1:colcon.colcon_core.environment:checking '/home/ros2/manipulation_ws/install/manipulation_description/bin'
[0.351s] INFO:colcon.colcon_core.shell:Creating package script '/home/ros2/manipulation_ws/install/manipulation_description/share/manipulation_description/package.ps1'
[0.351s] INFO:colcon.colcon_core.shell:Creating package descriptor '/home/ros2/manipulation_ws/install/manipulation_description/share/manipulation_description/package.dsv'
[0.352s] INFO:colcon.colcon_core.shell:Creating package script '/home/ros2/manipulation_ws/install/manipulation_description/share/manipulation_description/package.sh'
[0.352s] INFO:colcon.colcon_core.shell:Creating package script '/home/ros2/manipulation_ws/install/manipulation_description/share/manipulation_description/package.bash'
[0.353s] INFO:colcon.colcon_core.shell:Creating package script '/home/ros2/manipulation_ws/install/manipulation_description/share/manipulation_description/package.zsh'
[0.353s] Level 1:colcon.colcon_core.environment:create_file_with_runtime_dependencies(/home/ros2/manipulation_ws/install/manipulation_description/share/colcon-core/packages/manipulation_description)
[0.366s] Level 1:colcon.colcon_core.environment:create_environment_scripts_only(manipulation_description)
[0.366s] Level 1:colcon.colcon_core.environment:checking '/home/ros2/manipulation_ws/install/manipulation_description' for CMake module files
[0.367s] Level 1:colcon.colcon_core.environment:checking '/home/ros2/manipulation_ws/install/manipulation_description' for CMake config files
[0.367s] Level 1:colcon.colcon_core.shell:create_environment_hook('manipulation_description', 'cmake_prefix_path')
[0.367s] INFO:colcon.colcon_core.shell:Creating environment hook '/home/ros2/manipulation_ws/install/manipulation_description/share/manipulation_description/hook/cmake_prefix_path.ps1'
[0.367s] INFO:colcon.colcon_core.shell:Creating environment descriptor '/home/ros2/manipulation_ws/install/manipulation_description/share/manipulation_description/hook/cmake_prefix_path.dsv'
[0.368s] INFO:colcon.colcon_core.shell:Creating environment hook '/home/ros2/manipulation_ws/install/manipulation_description/share/manipulation_description/hook/cmake_prefix_path.sh'
[0.368s] Level 1:colcon.colcon_core.environment:checking '/home/ros2/manipulation_ws/install/manipulation_description/bin'
[0.368s] Level 1:colcon.colcon_core.environment:checking '/home/ros2/manipulation_ws/install/manipulation_description/lib/pkgconfig/manipulation_description.pc'
[0.368s] Level 1:colcon.colcon_core.environment:checking '/home/ros2/manipulation_ws/install/manipulation_description/lib/python3.10/site-packages'
[0.368s] Level 1:colcon.colcon_core.environment:checking '/home/ros2/manipulation_ws/install/manipulation_description/bin'
[0.368s] INFO:colcon.colcon_core.shell:Creating package script '/home/ros2/manipulation_ws/install/manipulation_description/share/manipulation_description/package.ps1'
[0.369s] INFO:colcon.colcon_core.shell:Creating package descriptor '/home/ros2/manipulation_ws/install/manipulation_description/share/manipulation_description/package.dsv'
[0.369s] INFO:colcon.colcon_core.shell:Creating package script '/home/ros2/manipulation_ws/install/manipulation_description/share/manipulation_description/package.sh'
[0.369s] INFO:colcon.colcon_core.shell:Creating package script '/home/ros2/manipulation_ws/install/manipulation_description/share/manipulation_description/package.bash'
[0.369s] INFO:colcon.colcon_core.shell:Creating package script '/home/ros2/manipulation_ws/install/manipulation_description/share/manipulation_description/package.zsh'
[0.370s] Level 1:colcon.colcon_core.environment:create_file_with_runtime_dependencies(/home/ros2/manipulation_ws/install/manipulation_description/share/colcon-core/packages/manipulation_description)
[0.370s] INFO:colcon.colcon_ros.task.ament_cmake.build:Building ROS package in '/home/ros2/manipulation_ws/src/manipulation_bringup' with build type 'ament_cmake'
[0.370s] INFO:colcon.colcon_cmake.task.cmake.build:Building CMake package in '/home/ros2/manipulation_ws/src/manipulation_bringup'
[0.370s] INFO:colcon.colcon_core.shell:Skip shell extension 'powershell' for command environment: Not usable outside of PowerShell
[0.371s] DEBUG:colcon.colcon_core.shell:Skip shell extension 'dsv' for command environment
[0.407s] DEBUG:colcon.colcon_core.event_handler.log_command:Invoking command in '/home/ros2/manipulation_ws/build/manipulation_bringup': CMAKE_PREFIX_PATH=/home/ros2/manipulation_ws/install/manipulation_description:/home/ros2/arduinobot_ws/install/arduinobot_utils:/home/ros2/arduinobot_ws/install/arduinobot_cpp_examples:/home/ros2/arduinobot_ws/install/arduinobot_msgs:/home/ros2/arduinobot_ws/install/arduinobot_moveit:/home/ros2/arduinobot_ws/install/arduinobot_description:/home/ros2/arduinobot_ws/install/arduinobot_controller:/home/ros2/manipulation_ws/install/manipulation_bringup:/home/ros2/ros2_ws/install/my_robot_interfaces:/home/ros2/ros2_ws/install/my_robot_bringup:/home/ros2/ros2_ws/install/my_robot_description:/home/ros2/ros2_ws/install/my_cpp_pkg:/home/ros2/bookros2_ws/install/urdf_test:/home/ros2/bookros2_ws/install/tiago_simulation:/home/ros2/bookros2_ws/install/tiago_robot:/home/ros2/bookros2_ws/install/tiago_navigation:/home/ros2/bookros2_ws/install/tiago_gazebo:/home/ros2/bookros2_ws/install/tiago_moveit_config:/home/ros2/bookros2_ws/install/tiago_laser_sensors:/home/ros2/bookros2_ws/install/tiago_bringup:/home/ros2/bookros2_ws/install/tiago_description:/home/ros2/bookros2_ws/install/tiago_controller_configuration:/home/ros2/bookros2_ws/install/tiago_2dnav:/home/ros2/bookros2_ws/install/pmb2_robot:/home/ros2/bookros2_ws/install/pmb2_navigation:/home/ros2/bookros2_ws/install/pmb2_2dnav:/home/ros2/bookros2_ws/install/pmb2_laser_sensors:/home/ros2/bookros2_ws/install/pmb2_bringup:/home/ros2/bookros2_ws/install/pmb2_description:/home/ros2/bookros2_ws/install/pmb2_controller_configuration:/home/ros2/bookros2_ws/install/pal_gripper:/home/ros2/bookros2_ws/install/pal_gripper_description:/home/ros2/bookros2_ws/install/pal_gazebo_worlds:/home/ros2/bookros2_ws/install/my_package:/home/ros2/bookros2_ws/install/hey5_description:/home/ros2/bookros2_ws/install/groot:/home/ros2/bookros2_ws/install/br2_vff_avoidance:/home/ros2/bookros2_ws/install/br2_tracking:/home/ros2/bookros2_ws/install/br2_tracking_msgs:/home/ros2/bookros2_ws/install/br2_tiago:/home/ros2/bookros2_ws/install/br2_tf2_detector:/home/ros2/bookros2_ws/install/br2_navigation:/home/ros2/bookros2_ws/install/br2_fsm_bumpgo_cpp:/home/ros2/bookros2_ws/install/br2_bt_patrolling:/home/ros2/bookros2_ws/install/br2_bt_bumpgo:/home/ros2/bookros2_ws/install/br2_basics:/home/ros2/ros2_ws/install/actions_py:/home/ros2/bookros2_ws/install/pmb2_maps:/home/ros2/bookros2_ws/install/pal_gripper_controller_configuration:/home/ros2/bookros2_ws/install/launch_pal:/home/ros2/bookros2_ws/install/br2_fsm_bumpgo_py:/opt/ros/humble /usr/bin/cmake --build /home/ros2/manipulation_ws/build/manipulation_bringup -- -j16 -l16
[0.427s] DEBUG:colcon.colcon_core.event_handler.log_command:Invoked command in '/home/ros2/manipulation_ws/build/manipulation_bringup' returned '0': CMAKE_PREFIX_PATH=/home/ros2/manipulation_ws/install/manipulation_description:/home/ros2/arduinobot_ws/install/arduinobot_utils:/home/ros2/arduinobot_ws/install/arduinobot_cpp_examples:/home/ros2/arduinobot_ws/install/arduinobot_msgs:/home/ros2/arduinobot_ws/install/arduinobot_moveit:/home/ros2/arduinobot_ws/install/arduinobot_description:/home/ros2/arduinobot_ws/install/arduinobot_controller:/home/ros2/manipulation_ws/install/manipulation_bringup:/home/ros2/ros2_ws/install/my_robot_interfaces:/home/ros2/ros2_ws/install/my_robot_bringup:/home/ros2/ros2_ws/install/my_robot_description:/home/ros2/ros2_ws/install/my_cpp_pkg:/home/ros2/bookros2_ws/install/urdf_test:/home/ros2/bookros2_ws/install/tiago_simulation:/home/ros2/bookros2_ws/install/tiago_robot:/home/ros2/bookros2_ws/install/tiago_navigation:/home/ros2/bookros2_ws/install/tiago_gazebo:/home/ros2/bookros2_ws/install/tiago_moveit_config:/home/ros2/bookros2_ws/install/tiago_laser_sensors:/home/ros2/bookros2_ws/install/tiago_bringup:/home/ros2/bookros2_ws/install/tiago_description:/home/ros2/bookros2_ws/install/tiago_controller_configuration:/home/ros2/bookros2_ws/install/tiago_2dnav:/home/ros2/bookros2_ws/install/pmb2_robot:/home/ros2/bookros2_ws/install/pmb2_navigation:/home/ros2/bookros2_ws/install/pmb2_2dnav:/home/ros2/bookros2_ws/install/pmb2_laser_sensors:/home/ros2/bookros2_ws/install/pmb2_bringup:/home/ros2/bookros2_ws/install/pmb2_description:/home/ros2/bookros2_ws/install/pmb2_controller_configuration:/home/ros2/bookros2_ws/install/pal_gripper:/home/ros2/bookros2_ws/install/pal_gripper_description:/home/ros2/bookros2_ws/install/pal_gazebo_worlds:/home/ros2/bookros2_ws/install/my_package:/home/ros2/bookros2_ws/install/hey5_description:/home/ros2/bookros2_ws/install/groot:/home/ros2/bookros2_ws/install/br2_vff_avoidance:/home/ros2/bookros2_ws/install/br2_tracking:/home/ros2/bookros2_ws/install/br2_tracking_msgs:/home/ros2/bookros2_ws/install/br2_tiago:/home/ros2/bookros2_ws/install/br2_tf2_detector:/home/ros2/bookros2_ws/install/br2_navigation:/home/ros2/bookros2_ws/install/br2_fsm_bumpgo_cpp:/home/ros2/bookros2_ws/install/br2_bt_patrolling:/home/ros2/bookros2_ws/install/br2_bt_bumpgo:/home/ros2/bookros2_ws/install/br2_basics:/home/ros2/ros2_ws/install/actions_py:/home/ros2/bookros2_ws/install/pmb2_maps:/home/ros2/bookros2_ws/install/pal_gripper_controller_configuration:/home/ros2/bookros2_ws/install/launch_pal:/home/ros2/bookros2_ws/install/br2_fsm_bumpgo_py:/opt/ros/humble /usr/bin/cmake --build /home/ros2/manipulation_ws/build/manipulation_bringup -- -j16 -l16
[0.442s] DEBUG:colcon.colcon_core.event_handler.log_command:Invoking command in '/home/ros2/manipulation_ws/build/manipulation_bringup': CMAKE_PREFIX_PATH=/home/ros2/manipulation_ws/install/manipulation_description:/home/ros2/arduinobot_ws/install/arduinobot_utils:/home/ros2/arduinobot_ws/install/arduinobot_cpp_examples:/home/ros2/arduinobot_ws/install/arduinobot_msgs:/home/ros2/arduinobot_ws/install/arduinobot_moveit:/home/ros2/arduinobot_ws/install/arduinobot_description:/home/ros2/arduinobot_ws/install/arduinobot_controller:/home/ros2/manipulation_ws/install/manipulation_bringup:/home/ros2/ros2_ws/install/my_robot_interfaces:/home/ros2/ros2_ws/install/my_robot_bringup:/home/ros2/ros2_ws/install/my_robot_description:/home/ros2/ros2_ws/install/my_cpp_pkg:/home/ros2/bookros2_ws/install/urdf_test:/home/ros2/bookros2_ws/install/tiago_simulation:/home/ros2/bookros2_ws/install/tiago_robot:/home/ros2/bookros2_ws/install/tiago_navigation:/home/ros2/bookros2_ws/install/tiago_gazebo:/home/ros2/bookros2_ws/install/tiago_moveit_config:/home/ros2/bookros2_ws/install/tiago_laser_sensors:/home/ros2/bookros2_ws/install/tiago_bringup:/home/ros2/bookros2_ws/install/tiago_description:/home/ros2/bookros2_ws/install/tiago_controller_configuration:/home/ros2/bookros2_ws/install/tiago_2dnav:/home/ros2/bookros2_ws/install/pmb2_robot:/home/ros2/bookros2_ws/install/pmb2_navigation:/home/ros2/bookros2_ws/install/pmb2_2dnav:/home/ros2/bookros2_ws/install/pmb2_laser_sensors:/home/ros2/bookros2_ws/install/pmb2_bringup:/home/ros2/bookros2_ws/install/pmb2_description:/home/ros2/bookros2_ws/install/pmb2_controller_configuration:/home/ros2/bookros2_ws/install/pal_gripper:/home/ros2/bookros2_ws/install/pal_gripper_description:/home/ros2/bookros2_ws/install/pal_gazebo_worlds:/home/ros2/bookros2_ws/install/my_package:/home/ros2/bookros2_ws/install/hey5_description:/home/ros2/bookros2_ws/install/groot:/home/ros2/bookros2_ws/install/br2_vff_avoidance:/home/ros2/bookros2_ws/install/br2_tracking:/home/ros2/bookros2_ws/install/br2_tracking_msgs:/home/ros2/bookros2_ws/install/br2_tiago:/home/ros2/bookros2_ws/install/br2_tf2_detector:/home/ros2/bookros2_ws/install/br2_navigation:/home/ros2/bookros2_ws/install/br2_fsm_bumpgo_cpp:/home/ros2/bookros2_ws/install/br2_bt_patrolling:/home/ros2/bookros2_ws/install/br2_bt_bumpgo:/home/ros2/bookros2_ws/install/br2_basics:/home/ros2/ros2_ws/install/actions_py:/home/ros2/bookros2_ws/install/pmb2_maps:/home/ros2/bookros2_ws/install/pal_gripper_controller_configuration:/home/ros2/bookros2_ws/install/launch_pal:/home/ros2/bookros2_ws/install/br2_fsm_bumpgo_py:/opt/ros/humble /usr/bin/cmake --install /home/ros2/manipulation_ws/build/manipulation_bringup
[0.453s] Level 1:colcon.colcon_core.environment:create_environment_scripts_only(manipulation_bringup)
[0.454s] Level 1:colcon.colcon_core.environment:checking '/home/ros2/manipulation_ws/install/manipulation_bringup' for CMake module files
[0.454s] DEBUG:colcon.colcon_core.event_handler.log_command:Invoked command in '/home/ros2/manipulation_ws/build/manipulation_bringup' returned '0': CMAKE_PREFIX_PATH=/home/ros2/manipulation_ws/install/manipulation_description:/home/ros2/arduinobot_ws/install/arduinobot_utils:/home/ros2/arduinobot_ws/install/arduinobot_cpp_examples:/home/ros2/arduinobot_ws/install/arduinobot_msgs:/home/ros2/arduinobot_ws/install/arduinobot_moveit:/home/ros2/arduinobot_ws/install/arduinobot_description:/home/ros2/arduinobot_ws/install/arduinobot_controller:/home/ros2/manipulation_ws/install/manipulation_bringup:/home/ros2/ros2_ws/install/my_robot_interfaces:/home/ros2/ros2_ws/install/my_robot_bringup:/home/ros2/ros2_ws/install/my_robot_description:/home/ros2/ros2_ws/install/my_cpp_pkg:/home/ros2/bookros2_ws/install/urdf_test:/home/ros2/bookros2_ws/install/tiago_simulation:/home/ros2/bookros2_ws/install/tiago_robot:/home/ros2/bookros2_ws/install/tiago_navigation:/home/ros2/bookros2_ws/install/tiago_gazebo:/home/ros2/bookros2_ws/install/tiago_moveit_config:/home/ros2/bookros2_ws/install/tiago_laser_sensors:/home/ros2/bookros2_ws/install/tiago_bringup:/home/ros2/bookros2_ws/install/tiago_description:/home/ros2/bookros2_ws/install/tiago_controller_configuration:/home/ros2/bookros2_ws/install/tiago_2dnav:/home/ros2/bookros2_ws/install/pmb2_robot:/home/ros2/bookros2_ws/install/pmb2_navigation:/home/ros2/bookros2_ws/install/pmb2_2dnav:/home/ros2/bookros2_ws/install/pmb2_laser_sensors:/home/ros2/bookros2_ws/install/pmb2_bringup:/home/ros2/bookros2_ws/install/pmb2_description:/home/ros2/bookros2_ws/install/pmb2_controller_configuration:/home/ros2/bookros2_ws/install/pal_gripper:/home/ros2/bookros2_ws/install/pal_gripper_description:/home/ros2/bookros2_ws/install/pal_gazebo_worlds:/home/ros2/bookros2_ws/install/my_package:/home/ros2/bookros2_ws/install/hey5_description:/home/ros2/bookros2_ws/install/groot:/home/ros2/bookros2_ws/install/br2_vff_avoidance:/home/ros2/bookros2_ws/install/br2_tracking:/home/ros2/bookros2_ws/install/br2_tracking_msgs:/home/ros2/bookros2_ws/install/br2_tiago:/home/ros2/bookros2_ws/install/br2_tf2_detector:/home/ros2/bookros2_ws/install/br2_navigation:/home/ros2/bookros2_ws/install/br2_fsm_bumpgo_cpp:/home/ros2/bookros2_ws/install/br2_bt_patrolling:/home/ros2/bookros2_ws/install/br2_bt_bumpgo:/home/ros2/bookros2_ws/install/br2_basics:/home/ros2/ros2_ws/install/actions_py:/home/ros2/bookros2_ws/install/pmb2_maps:/home/ros2/bookros2_ws/install/pal_gripper_controller_configuration:/home/ros2/bookros2_ws/install/launch_pal:/home/ros2/bookros2_ws/install/br2_fsm_bumpgo_py:/opt/ros/humble /usr/bin/cmake --install /home/ros2/manipulation_ws/build/manipulation_bringup
[0.454s] Level 1:colcon.colcon_core.environment:checking '/home/ros2/manipulation_ws/install/manipulation_bringup' for CMake config files
[0.454s] Level 1:colcon.colcon_core.shell:create_environment_hook('manipulation_bringup', 'cmake_prefix_path')
[0.454s] INFO:colcon.colcon_core.shell:Creating environment hook '/home/ros2/manipulation_ws/install/manipulation_bringup/share/manipulation_bringup/hook/cmake_prefix_path.ps1'
[0.455s] INFO:colcon.colcon_core.shell:Creating environment descriptor '/home/ros2/manipulation_ws/install/manipulation_bringup/share/manipulation_bringup/hook/cmake_prefix_path.dsv'
[0.455s] INFO:colcon.colcon_core.shell:Creating environment hook '/home/ros2/manipulation_ws/install/manipulation_bringup/share/manipulation_bringup/hook/cmake_prefix_path.sh'
[0.455s] Level 1:colcon.colcon_core.environment:checking '/home/ros2/manipulation_ws/install/manipulation_bringup/bin'
[0.455s] Level 1:colcon.colcon_core.environment:checking '/home/ros2/manipulation_ws/install/manipulation_bringup/lib/pkgconfig/manipulation_bringup.pc'
[0.455s] Level 1:colcon.colcon_core.environment:checking '/home/ros2/manipulation_ws/install/manipulation_bringup/lib/python3.10/site-packages'
[0.456s] Level 1:colcon.colcon_core.environment:checking '/home/ros2/manipulation_ws/install/manipulation_bringup/bin'
[0.456s] INFO:colcon.colcon_core.shell:Creating package script '/home/ros2/manipulation_ws/install/manipulation_bringup/share/manipulation_bringup/package.ps1'
[0.456s] INFO:colcon.colcon_core.shell:Creating package descriptor '/home/ros2/manipulation_ws/install/manipulation_bringup/share/manipulation_bringup/package.dsv'
[0.456s] INFO:colcon.colcon_core.shell:Creating package script '/home/ros2/manipulation_ws/install/manipulation_bringup/share/manipulation_bringup/package.sh'
[0.456s] INFO:colcon.colcon_core.shell:Creating package script '/home/ros2/manipulation_ws/install/manipulation_bringup/share/manipulation_bringup/package.bash'
[0.457s] INFO:colcon.colcon_core.shell:Creating package script '/home/ros2/manipulation_ws/install/manipulation_bringup/share/manipulation_bringup/package.zsh'
[0.457s] Level 1:colcon.colcon_core.environment:create_file_with_runtime_dependencies(/home/ros2/manipulation_ws/install/manipulation_bringup/share/colcon-core/packages/manipulation_bringup)
[0.470s] Level 1:colcon.colcon_core.environment:create_environment_scripts_only(manipulation_bringup)
[0.471s] Level 1:colcon.colcon_core.environment:checking '/home/ros2/manipulation_ws/install/manipulation_bringup' for CMake module files
[0.471s] Level 1:colcon.colcon_core.environment:checking '/home/ros2/manipulation_ws/install/manipulation_bringup' for CMake config files
[0.471s] Level 1:colcon.colcon_core.shell:create_environment_hook('manipulation_bringup', 'cmake_prefix_path')
[0.471s] INFO:colcon.colcon_core.shell:Creating environment hook '/home/ros2/manipulation_ws/install/manipulation_bringup/share/manipulation_bringup/hook/cmake_prefix_path.ps1'
[0.471s] INFO:colcon.colcon_core.shell:Creating environment descriptor '/home/ros2/manipulation_ws/install/manipulation_bringup/share/manipulation_bringup/hook/cmake_prefix_path.dsv'
[0.472s] INFO:colcon.colcon_core.shell:Creating environment hook '/home/ros2/manipulation_ws/install/manipulation_bringup/share/manipulation_bringup/hook/cmake_prefix_path.sh'
[0.472s] Level 1:colcon.colcon_core.environment:checking '/home/ros2/manipulation_ws/install/manipulation_bringup/bin'
[0.472s] Level 1:colcon.colcon_core.environment:checking '/home/ros2/manipulation_ws/install/manipulation_bringup/lib/pkgconfig/manipulation_bringup.pc'
[0.472s] Level 1:colcon.colcon_core.environment:checking '/home/ros2/manipulation_ws/install/manipulation_bringup/lib/python3.10/site-packages'
[0.472s] Level 1:colcon.colcon_core.environment:checking '/home/ros2/manipulation_ws/install/manipulation_bringup/bin'
[0.473s] INFO:colcon.colcon_core.shell:Creating package script '/home/ros2/manipulation_ws/install/manipulation_bringup/share/manipulation_bringup/package.ps1'
[0.473s] INFO:colcon.colcon_core.shell:Creating package descriptor '/home/ros2/manipulation_ws/install/manipulation_bringup/share/manipulation_bringup/package.dsv'
[0.473s] INFO:colcon.colcon_core.shell:Creating package script '/home/ros2/manipulation_ws/install/manipulation_bringup/share/manipulation_bringup/package.sh'
[0.473s] INFO:colcon.colcon_core.shell:Creating package script '/home/ros2/manipulation_ws/install/manipulation_bringup/share/manipulation_bringup/package.bash'
[0.474s] INFO:colcon.colcon_core.shell:Creating package script '/home/ros2/manipulation_ws/install/manipulation_bringup/share/manipulation_bringup/package.zsh'
[0.474s] Level 1:colcon.colcon_core.environment:create_file_with_runtime_dependencies(/home/ros2/manipulation_ws/install/manipulation_bringup/share/colcon-core/packages/manipulation_bringup)
[1.510s] DEBUG:colcon.colcon_core.event_handler.log_command:Invoked command in '/home/ros2/manipulation_ws/build/manipulation_controller' returned '0': CMAKE_PREFIX_PATH=${CMAKE_PREFIX_PATH}:/home/ros2/ros2_ws/install/actions_py:/home/ros2/bookros2_ws/install/pmb2_maps:/home/ros2/bookros2_ws/install/pal_gripper_controller_configuration:/home/ros2/bookros2_ws/install/launch_pal:/home/ros2/bookros2_ws/install/br2_fsm_bumpgo_py:/opt/ros/humble /usr/bin/cmake /home/ros2/manipulation_ws/src/manipulation_controller -DCMAKE_INSTALL_PREFIX=/home/ros2/manipulation_ws/install/manipulation_controller
[1.510s] DEBUG:colcon.colcon_core.event_handler.log_command:Invoking command in '/home/ros2/manipulation_ws/build/manipulation_controller': CMAKE_PREFIX_PATH=${CMAKE_PREFIX_PATH}:/home/ros2/ros2_ws/install/actions_py:/home/ros2/bookros2_ws/install/pmb2_maps:/home/ros2/bookros2_ws/install/pal_gripper_controller_configuration:/home/ros2/bookros2_ws/install/launch_pal:/home/ros2/bookros2_ws/install/br2_fsm_bumpgo_py:/opt/ros/humble /usr/bin/cmake --build /home/ros2/manipulation_ws/build/manipulation_controller -- -j16 -l16
[1.528s] DEBUG:colcon.colcon_core.event_handler.log_command:Invoked command in '/home/ros2/manipulation_ws/build/manipulation_controller' returned '0': CMAKE_PREFIX_PATH=${CMAKE_PREFIX_PATH}:/home/ros2/ros2_ws/install/actions_py:/home/ros2/bookros2_ws/install/pmb2_maps:/home/ros2/bookros2_ws/install/pal_gripper_controller_configuration:/home/ros2/bookros2_ws/install/launch_pal:/home/ros2/bookros2_ws/install/br2_fsm_bumpgo_py:/opt/ros/humble /usr/bin/cmake --build /home/ros2/manipulation_ws/build/manipulation_controller -- -j16 -l16
[1.543s] DEBUG:colcon.colcon_core.event_handler.log_command:Invoking command in '/home/ros2/manipulation_ws/build/manipulation_controller': CMAKE_PREFIX_PATH=${CMAKE_PREFIX_PATH}:/home/ros2/ros2_ws/install/actions_py:/home/ros2/bookros2_ws/install/pmb2_maps:/home/ros2/bookros2_ws/install/pal_gripper_controller_configuration:/home/ros2/bookros2_ws/install/launch_pal:/home/ros2/bookros2_ws/install/br2_fsm_bumpgo_py:/opt/ros/humble /usr/bin/cmake --install /home/ros2/manipulation_ws/build/manipulation_controller
[1.548s] Level 1:colcon.colcon_core.environment:create_environment_scripts_only(manipulation_controller)
[1.549s] Level 1:colcon.colcon_core.environment:checking '/home/ros2/manipulation_ws/install/manipulation_controller' for CMake module files
[1.549s] Level 1:colcon.colcon_core.environment:checking '/home/ros2/manipulation_ws/install/manipulation_controller' for CMake config files
[1.549s] DEBUG:colcon.colcon_core.event_handler.log_command:Invoked command in '/home/ros2/manipulation_ws/build/manipulation_controller' returned '0': CMAKE_PREFIX_PATH=${CMAKE_PREFIX_PATH}:/home/ros2/ros2_ws/install/actions_py:/home/ros2/bookros2_ws/install/pmb2_maps:/home/ros2/bookros2_ws/install/pal_gripper_controller_configuration:/home/ros2/bookros2_ws/install/launch_pal:/home/ros2/bookros2_ws/install/br2_fsm_bumpgo_py:/opt/ros/humble /usr/bin/cmake --install /home/ros2/manipulation_ws/build/manipulation_controller
[1.549s] Level 1:colcon.colcon_core.shell:create_environment_hook('manipulation_controller', 'cmake_prefix_path')
[1.549s] INFO:colcon.colcon_core.shell:Creating environment hook '/home/ros2/manipulation_ws/install/manipulation_controller/share/manipulation_controller/hook/cmake_prefix_path.ps1'
[1.550s] INFO:colcon.colcon_core.shell:Creating environment descriptor '/home/ros2/manipulation_ws/install/manipulation_controller/share/manipulation_controller/hook/cmake_prefix_path.dsv'
[1.550s] INFO:colcon.colcon_core.shell:Creating environment hook '/home/ros2/manipulation_ws/install/manipulation_controller/share/manipulation_controller/hook/cmake_prefix_path.sh'
[1.550s] Level 1:colcon.colcon_core.environment:checking '/home/ros2/manipulation_ws/install/manipulation_controller/bin'
[1.550s] Level 1:colcon.colcon_core.environment:checking '/home/ros2/manipulation_ws/install/manipulation_controller/lib/pkgconfig/manipulation_controller.pc'
[1.550s] Level 1:colcon.colcon_core.environment:checking '/home/ros2/manipulation_ws/install/manipulation_controller/lib/python3.10/site-packages'
[1.551s] Level 1:colcon.colcon_core.environment:checking '/home/ros2/manipulation_ws/install/manipulation_controller/bin'
[1.551s] INFO:colcon.colcon_core.shell:Creating package script '/home/ros2/manipulation_ws/install/manipulation_controller/share/manipulation_controller/package.ps1'
[1.551s] INFO:colcon.colcon_core.shell:Creating package descriptor '/home/ros2/manipulation_ws/install/manipulation_controller/share/manipulation_controller/package.dsv'
[1.551s] INFO:colcon.colcon_core.shell:Creating package script '/home/ros2/manipulation_ws/install/manipulation_controller/share/manipulation_controller/package.sh'
[1.551s] INFO:colcon.colcon_core.shell:Creating package script '/home/ros2/manipulation_ws/install/manipulation_controller/share/manipulation_controller/package.bash'
[1.552s] INFO:colcon.colcon_core.shell:Creating package script '/home/ros2/manipulation_ws/install/manipulation_controller/share/manipulation_controller/package.zsh'
[1.552s] Level 1:colcon.colcon_core.environment:create_file_with_runtime_dependencies(/home/ros2/manipulation_ws/install/manipulation_controller/share/colcon-core/packages/manipulation_controller)
[1.566s] Level 1:colcon.colcon_core.environment:create_environment_scripts_only(manipulation_controller)
[1.566s] Level 1:colcon.colcon_core.environment:checking '/home/ros2/manipulation_ws/install/manipulation_controller' for CMake module files
[1.566s] Level 1:colcon.colcon_core.environment:checking '/home/ros2/manipulation_ws/install/manipulation_controller' for CMake config files
[1.567s] Level 1:colcon.colcon_core.shell:create_environment_hook('manipulation_controller', 'cmake_prefix_path')
[1.567s] INFO:colcon.colcon_core.shell:Creating environment hook '/home/ros2/manipulation_ws/install/manipulation_controller/share/manipulation_controller/hook/cmake_prefix_path.ps1'
[1.567s] INFO:colcon.colcon_core.shell:Creating environment descriptor '/home/ros2/manipulation_ws/install/manipulation_controller/share/manipulation_controller/hook/cmake_prefix_path.dsv'
[1.567s] INFO:colcon.colcon_core.shell:Creating environment hook '/home/ros2/manipulation_ws/install/manipulation_controller/share/manipulation_controller/hook/cmake_prefix_path.sh'
[1.568s] Level 1:colcon.colcon_core.environment:checking '/home/ros2/manipulation_ws/install/manipulation_controller/bin'
[1.568s] Level 1:colcon.colcon_core.environment:checking '/home/ros2/manipulation_ws/install/manipulation_controller/lib/pkgconfig/manipulation_controller.pc'
[1.568s] Level 1:colcon.colcon_core.environment:checking '/home/ros2/manipulation_ws/install/manipulation_controller/lib/python3.10/site-packages'
[1.568s] Level 1:colcon.colcon_core.environment:checking '/home/ros2/manipulation_ws/install/manipulation_controller/bin'
[1.568s] INFO:colcon.colcon_core.shell:Creating package script '/home/ros2/manipulation_ws/install/manipulation_controller/share/manipulation_controller/package.ps1'
[1.568s] INFO:colcon.colcon_core.shell:Creating package descriptor '/home/ros2/manipulation_ws/install/manipulation_controller/share/manipulation_controller/package.dsv'
[1.569s] INFO:colcon.colcon_core.shell:Creating package script '/home/ros2/manipulation_ws/install/manipulation_controller/share/manipulation_controller/package.sh'
[1.569s] INFO:colcon.colcon_core.shell:Creating package script '/home/ros2/manipulation_ws/install/manipulation_controller/share/manipulation_controller/package.bash'
[1.569s] INFO:colcon.colcon_core.shell:Creating package script '/home/ros2/manipulation_ws/install/manipulation_controller/share/manipulation_controller/package.zsh'
[1.569s] Level 1:colcon.colcon_core.environment:create_file_with_runtime_dependencies(/home/ros2/manipulation_ws/install/manipulation_controller/share/colcon-core/packages/manipulation_controller)
[1.569s] DEBUG:colcon.colcon_parallel_executor.executor.parallel:closing loop
[1.570s] DEBUG:colcon.colcon_parallel_executor.executor.parallel:loop closed
[1.570s] DEBUG:colcon.colcon_parallel_executor.executor.parallel:run_until_complete finished with '0'
[1.570s] DEBUG:colcon.colcon_core.event_reactor:joining thread
[1.606s] INFO:colcon.colcon_core.plugin_system:Skipping extension 'colcon_notification.desktop_notification.notify_send': Could not find 'notify-send'
[1.606s] INFO:colcon.colcon_core.plugin_system:Skipping extension 'colcon_notification.desktop_notification.terminal_notifier': Not used on non-Darwin systems
[1.606s] INFO:colcon.colcon_core.plugin_system:Skipping extension 'colcon_notification.desktop_notification.win32': Not used on non-Windows systems
[1.606s] INFO:colcon.colcon_notification.desktop_notification:Sending desktop notification using 'notify2'
[1.607s] DEBUG:colcon.colcon_notification.desktop_notification.notify2:Failed to initialize notify2: org.freedesktop.DBus.Error.ServiceUnknown: The name org.freedesktop.Notifications was not provided by any .service files
[1.607s] DEBUG:colcon.colcon_core.event_reactor:joined thread
[1.607s] INFO:colcon.colcon_core.shell:Creating prefix script '/home/ros2/manipulation_ws/install/local_setup.ps1'
[1.608s] INFO:colcon.colcon_core.shell:Creating prefix util module '/home/ros2/manipulation_ws/install/_local_setup_util_ps1.py'
[1.609s] INFO:colcon.colcon_core.shell:Creating prefix chain script '/home/ros2/manipulation_ws/install/setup.ps1'
[1.610s] INFO:colcon.colcon_core.shell:Creating prefix script '/home/ros2/manipulation_ws/install/local_setup.sh'
[1.610s] INFO:colcon.colcon_core.shell:Creating prefix util module '/home/ros2/manipulation_ws/install/_local_setup_util_sh.py'
[1.611s] INFO:colcon.colcon_core.shell:Creating prefix chain script '/home/ros2/manipulation_ws/install/setup.sh'
[1.612s] INFO:colcon.colcon_core.shell:Creating prefix script '/home/ros2/manipulation_ws/install/local_setup.bash'
[1.612s] INFO:colcon.colcon_core.shell:Creating prefix chain script '/home/ros2/manipulation_ws/install/setup.bash'
[1.614s] INFO:colcon.colcon_core.shell:Creating prefix script '/home/ros2/manipulation_ws/install/local_setup.zsh'
[1.614s] INFO:colcon.colcon_core.shell:Creating prefix chain script '/home/ros2/manipulation_ws/install/setup.zsh'
