[0.006s] Invoking command in '/home/ros2/manipulation_ws/build/manipulation_description': CMAKE_PREFIX_PATH=${CMAKE_PREFIX_PATH}:/home/ros2/bookros2_ws/install/launch_pal:/home/ros2/bookros2_ws/install/br2_fsm_bumpgo_py:/opt/ros/humble /usr/bin/cmake /home/ros2/manipulation_ws/src/manipulation_description -DCMAKE_INSTALL_PREFIX=/home/ros2/manipulation_ws/install/manipulation_description
[0.200s] -- The C compiler identification is GNU 11.4.0
[0.664s] -- The CXX compiler identification is GNU 11.4.0
[0.979s] -- Detecting C compiler ABI info
[1.076s] -- Detecting C compiler ABI info - done
[1.080s] -- Check for working C compiler: /usr/bin/cc - skipped
[1.080s] -- Detecting C compile features
[1.081s] -- Detecting C compile features - done
[1.084s] -- Detecting CXX compiler ABI info
[1.182s] -- Detecting CXX compiler ABI info - done
[1.186s] -- Check for working CXX compiler: /usr/bin/c++ - skipped
[1.186s] -- Detecting CXX compile features
[1.186s] -- Detecting CXX compile features - done
[1.192s] -- Found ament_cmake: 1.3.8 (/opt/ros/humble/share/ament_cmake/cmake)
[1.283s] -- Found Python3: /usr/bin/python3 (found version "3.10.12") found components: Interpreter 
[1.421s] -- Configuring done
[1.422s] -- Generating done
[1.422s] -- Build files have been written to: /home/ros2/manipulation_ws/build/manipulation_description
[1.425s] Invoked command in '/home/ros2/manipulation_ws/build/manipulation_description' returned '0': CMAKE_PREFIX_PATH=${CMAKE_PREFIX_PATH}:/home/ros2/bookros2_ws/install/launch_pal:/home/ros2/bookros2_ws/install/br2_fsm_bumpgo_py:/opt/ros/humble /usr/bin/cmake /home/ros2/manipulation_ws/src/manipulation_description -DCMAKE_INSTALL_PREFIX=/home/ros2/manipulation_ws/install/manipulation_description
[1.426s] Invoking command in '/home/ros2/manipulation_ws/build/manipulation_description': CMAKE_PREFIX_PATH=${CMAKE_PREFIX_PATH}:/home/ros2/bookros2_ws/install/launch_pal:/home/ros2/bookros2_ws/install/br2_fsm_bumpgo_py:/opt/ros/humble /usr/bin/cmake --build /home/ros2/manipulation_ws/build/manipulation_description -- -j16 -l16
[1.443s] Invoked command in '/home/ros2/manipulation_ws/build/manipulation_description' returned '0': CMAKE_PREFIX_PATH=${CMAKE_PREFIX_PATH}:/home/ros2/bookros2_ws/install/launch_pal:/home/ros2/bookros2_ws/install/br2_fsm_bumpgo_py:/opt/ros/humble /usr/bin/cmake --build /home/ros2/manipulation_ws/build/manipulation_description -- -j16 -l16
[1.459s] Invoking command in '/home/ros2/manipulation_ws/build/manipulation_description': CMAKE_PREFIX_PATH=${CMAKE_PREFIX_PATH}:/home/ros2/bookros2_ws/install/launch_pal:/home/ros2/bookros2_ws/install/br2_fsm_bumpgo_py:/opt/ros/humble /usr/bin/cmake --install /home/ros2/manipulation_ws/build/manipulation_description
[1.461s] -- Install configuration: ""
[1.461s] -- Installing: /home/ros2/manipulation_ws/install/manipulation_description/share/manipulation_description//urdf
[1.462s] -- Installing: /home/ros2/manipulation_ws/install/manipulation_description/share/manipulation_description//urdf/manipulation.urdf.xacro
[1.462s] -- Installing: /home/ros2/manipulation_ws/install/manipulation_description/share/manipulation_description//urdf/arm.xacro
[1.462s] -- Installing: /home/ros2/manipulation_ws/install/manipulation_description/share/manipulation_description//urdf/common_properties.xacro
[1.462s] -- Installing: /home/ros2/manipulation_ws/install/manipulation_description/share/manipulation_description//launch
[1.462s] -- Installing: /home/ros2/manipulation_ws/install/manipulation_description/share/manipulation_description//launch/display_launch.xml
[1.462s] -- Installing: /home/ros2/manipulation_ws/install/manipulation_description/share/manipulation_description//rviz
[1.462s] -- Installing: /home/ros2/manipulation_ws/install/manipulation_description/share/ament_index/resource_index/package_run_dependencies/manipulation_description
[1.462s] -- Installing: /home/ros2/manipulation_ws/install/manipulation_description/share/ament_index/resource_index/parent_prefix_path/manipulation_description
[1.462s] -- Installing: /home/ros2/manipulation_ws/install/manipulation_description/share/manipulation_description/environment/ament_prefix_path.sh
[1.463s] -- Installing: /home/ros2/manipulation_ws/install/manipulation_description/share/manipulation_description/environment/ament_prefix_path.dsv
[1.463s] -- Installing: /home/ros2/manipulation_ws/install/manipulation_description/share/manipulation_description/environment/path.sh
[1.463s] -- Installing: /home/ros2/manipulation_ws/install/manipulation_description/share/manipulation_description/environment/path.dsv
[1.463s] -- Installing: /home/ros2/manipulation_ws/install/manipulation_description/share/manipulation_description/local_setup.bash
[1.463s] -- Installing: /home/ros2/manipulation_ws/install/manipulation_description/share/manipulation_description/local_setup.sh
[1.463s] -- Installing: /home/ros2/manipulation_ws/install/manipulation_description/share/manipulation_description/local_setup.zsh
[1.463s] -- Installing: /home/ros2/manipulation_ws/install/manipulation_description/share/manipulation_description/local_setup.dsv
[1.463s] -- Installing: /home/ros2/manipulation_ws/install/manipulation_description/share/manipulation_description/package.dsv
[1.463s] -- Installing: /home/ros2/manipulation_ws/install/manipulation_description/share/ament_index/resource_index/packages/manipulation_description
[1.464s] -- Installing: /home/ros2/manipulation_ws/install/manipulation_description/share/manipulation_description/cmake/manipulation_descriptionConfig.cmake
[1.464s] -- Installing: /home/ros2/manipulation_ws/install/manipulation_description/share/manipulation_description/cmake/manipulation_descriptionConfig-version.cmake
[1.464s] -- Installing: /home/ros2/manipulation_ws/install/manipulation_description/share/manipulation_description/package.xml
[1.465s] Invoked command in '/home/ros2/manipulation_ws/build/manipulation_description' returned '0': CMAKE_PREFIX_PATH=${CMAKE_PREFIX_PATH}:/home/ros2/bookros2_ws/install/launch_pal:/home/ros2/bookros2_ws/install/br2_fsm_bumpgo_py:/opt/ros/humble /usr/bin/cmake --install /home/ros2/manipulation_ws/build/manipulation_description
