[0.013s] Invoking command in '/home/ros2/manipulation_ws/build/manipulation_controller': CMAKE_PREFIX_PATH=${CMAKE_PREFIX_PATH}:/home/ros2/ros2_ws/install/actions_py:/home/ros2/bookros2_ws/install/pmb2_maps:/home/ros2/bookros2_ws/install/pal_gripper_controller_configuration:/home/ros2/bookros2_ws/install/launch_pal:/home/ros2/bookros2_ws/install/br2_fsm_bumpgo_py:/opt/ros/humble /usr/bin/cmake /home/ros2/manipulation_ws/src/manipulation_controller -DCMAKE_INSTALL_PREFIX=/home/ros2/manipulation_ws/install/manipulation_controller
[0.150s] -- The C compiler identification is GNU 11.4.0
[0.531s] -- The CXX compiler identification is GNU 11.4.0
[0.784s] -- Detecting C compiler ABI info
[0.874s] -- Detecting C compiler ABI info - done
[0.878s] -- Check for working C compiler: /usr/bin/cc - skipped
[0.879s] -- Detecting C compile features
[0.879s] -- Detecting C compile features - done
[0.881s] -- Detecting CXX compiler ABI info
[0.991s] -- Detecting CXX compiler ABI info - done
[0.995s] -- Check for working CXX compiler: /usr/bin/c++ - skipped
[0.996s] -- Detecting CXX compile features
[0.996s] -- Detecting CXX compile features - done
[1.000s] -- Found ament_cmake: 1.3.9 (/opt/ros/humble/share/ament_cmake/cmake)
[1.089s] -- Found Python3: /usr/bin/python3 (found version "3.10.12") found components: Interpreter 
[1.161s] -- Found ament_lint_auto: 0.12.11 (/opt/ros/humble/share/ament_lint_auto/cmake)
[1.225s] -- Added test 'lint_cmake' to check CMake code style
[1.227s] -- Added test 'xmllint' to check XML markup files
[1.228s] -- Configuring done
[1.230s] -- Generating done
[1.230s] -- Build files have been written to: /home/ros2/manipulation_ws/build/manipulation_controller
[1.234s] Invoked command in '/home/ros2/manipulation_ws/build/manipulation_controller' returned '0': CMAKE_PREFIX_PATH=${CMAKE_PREFIX_PATH}:/home/ros2/ros2_ws/install/actions_py:/home/ros2/bookros2_ws/install/pmb2_maps:/home/ros2/bookros2_ws/install/pal_gripper_controller_configuration:/home/ros2/bookros2_ws/install/launch_pal:/home/ros2/bookros2_ws/install/br2_fsm_bumpgo_py:/opt/ros/humble /usr/bin/cmake /home/ros2/manipulation_ws/src/manipulation_controller -DCMAKE_INSTALL_PREFIX=/home/ros2/manipulation_ws/install/manipulation_controller
[1.234s] Invoking command in '/home/ros2/manipulation_ws/build/manipulation_controller': CMAKE_PREFIX_PATH=${CMAKE_PREFIX_PATH}:/home/ros2/ros2_ws/install/actions_py:/home/ros2/bookros2_ws/install/pmb2_maps:/home/ros2/bookros2_ws/install/pal_gripper_controller_configuration:/home/ros2/bookros2_ws/install/launch_pal:/home/ros2/bookros2_ws/install/br2_fsm_bumpgo_py:/opt/ros/humble /usr/bin/cmake --build /home/ros2/manipulation_ws/build/manipulation_controller -- -j16 -l16
[1.252s] Invoked command in '/home/ros2/manipulation_ws/build/manipulation_controller' returned '0': CMAKE_PREFIX_PATH=${CMAKE_PREFIX_PATH}:/home/ros2/ros2_ws/install/actions_py:/home/ros2/bookros2_ws/install/pmb2_maps:/home/ros2/bookros2_ws/install/pal_gripper_controller_configuration:/home/ros2/bookros2_ws/install/launch_pal:/home/ros2/bookros2_ws/install/br2_fsm_bumpgo_py:/opt/ros/humble /usr/bin/cmake --build /home/ros2/manipulation_ws/build/manipulation_controller -- -j16 -l16
[1.267s] Invoking command in '/home/ros2/manipulation_ws/build/manipulation_controller': CMAKE_PREFIX_PATH=${CMAKE_PREFIX_PATH}:/home/ros2/ros2_ws/install/actions_py:/home/ros2/bookros2_ws/install/pmb2_maps:/home/ros2/bookros2_ws/install/pal_gripper_controller_configuration:/home/ros2/bookros2_ws/install/launch_pal:/home/ros2/bookros2_ws/install/br2_fsm_bumpgo_py:/opt/ros/humble /usr/bin/cmake --install /home/ros2/manipulation_ws/build/manipulation_controller
[1.270s] -- Install configuration: ""
[1.270s] -- Installing: /home/ros2/manipulation_ws/install/manipulation_controller/share/ament_index/resource_index/package_run_dependencies/manipulation_controller
[1.271s] -- Installing: /home/ros2/manipulation_ws/install/manipulation_controller/share/ament_index/resource_index/parent_prefix_path/manipulation_controller
[1.271s] -- Installing: /home/ros2/manipulation_ws/install/manipulation_controller/share/manipulation_controller/environment/ament_prefix_path.sh
[1.271s] -- Installing: /home/ros2/manipulation_ws/install/manipulation_controller/share/manipulation_controller/environment/ament_prefix_path.dsv
[1.271s] -- Installing: /home/ros2/manipulation_ws/install/manipulation_controller/share/manipulation_controller/environment/path.sh
[1.271s] -- Installing: /home/ros2/manipulation_ws/install/manipulation_controller/share/manipulation_controller/environment/path.dsv
[1.271s] -- Installing: /home/ros2/manipulation_ws/install/manipulation_controller/share/manipulation_controller/local_setup.bash
[1.271s] -- Installing: /home/ros2/manipulation_ws/install/manipulation_controller/share/manipulation_controller/local_setup.sh
[1.271s] -- Installing: /home/ros2/manipulation_ws/install/manipulation_controller/share/manipulation_controller/local_setup.zsh
[1.271s] -- Installing: /home/ros2/manipulation_ws/install/manipulation_controller/share/manipulation_controller/local_setup.dsv
[1.272s] -- Installing: /home/ros2/manipulation_ws/install/manipulation_controller/share/manipulation_controller/package.dsv
[1.272s] -- Installing: /home/ros2/manipulation_ws/install/manipulation_controller/share/ament_index/resource_index/packages/manipulation_controller
[1.272s] -- Installing: /home/ros2/manipulation_ws/install/manipulation_controller/share/manipulation_controller/cmake/manipulation_controllerConfig.cmake
[1.272s] -- Installing: /home/ros2/manipulation_ws/install/manipulation_controller/share/manipulation_controller/cmake/manipulation_controllerConfig-version.cmake
[1.272s] -- Installing: /home/ros2/manipulation_ws/install/manipulation_controller/share/manipulation_controller/package.xml
[1.273s] Invoked command in '/home/ros2/manipulation_ws/build/manipulation_controller' returned '0': CMAKE_PREFIX_PATH=${CMAKE_PREFIX_PATH}:/home/ros2/ros2_ws/install/actions_py:/home/ros2/bookros2_ws/install/pmb2_maps:/home/ros2/bookros2_ws/install/pal_gripper_controller_configuration:/home/ros2/bookros2_ws/install/launch_pal:/home/ros2/bookros2_ws/install/br2_fsm_bumpgo_py:/opt/ros/humble /usr/bin/cmake --install /home/ros2/manipulation_ws/build/manipulation_controller
