[0.048s] Invoking command in '/home/ros2/manipulation_ws/build/manipulation_bringup': CMAKE_PREFIX_PATH=${CMAKE_PREFIX_PATH}:/home/ros2/bookros2_ws/install/launch_pal:/home/ros2/bookros2_ws/install/br2_fsm_bumpgo_py:/opt/ros/humble /usr/bin/cmake /home/ros2/manipulation_ws/src/manipulation_bringup -DAMENT_CMAKE_SYMLINK_INSTALL=1 -DCMAKE_INSTALL_PREFIX=/home/ros2/manipulation_ws/install/manipulation_bringup
[0.228s] -- The C compiler identification is GNU 11.4.0
[0.703s] -- The CXX compiler identification is GNU 11.4.0
[1.028s] -- Detecting C compiler ABI info
[1.144s] -- Detecting C compiler ABI info - done
[1.148s] -- Check for working C compiler: /usr/bin/cc - skipped
[1.149s] -- Detecting C compile features
[1.149s] -- Detecting C compile features - done
[1.152s] -- Detecting CXX compiler ABI info
[1.268s] -- Detecting CXX compiler ABI info - done
[1.273s] -- Check for working CXX compiler: /usr/bin/c++ - skipped
[1.273s] -- Detecting CXX compile features
[1.273s] -- Detecting CXX compile features - done
[1.279s] -- Found ament_cmake: 1.3.8 (/opt/ros/humble/share/ament_cmake/cmake)
[1.371s] -- Found Python3: /usr/bin/python3 (found version "3.10.12") found components: Interpreter 
[1.416s] -- Override CMake install command with custom implementation using symlinks instead of copying resources
[1.504s] -- Configuring done
[1.505s] -- Generating done
[1.505s] -- Build files have been written to: /home/ros2/manipulation_ws/build/manipulation_bringup
[1.508s] Invoked command in '/home/ros2/manipulation_ws/build/manipulation_bringup' returned '0': CMAKE_PREFIX_PATH=${CMAKE_PREFIX_PATH}:/home/ros2/bookros2_ws/install/launch_pal:/home/ros2/bookros2_ws/install/br2_fsm_bumpgo_py:/opt/ros/humble /usr/bin/cmake /home/ros2/manipulation_ws/src/manipulation_bringup -DAMENT_CMAKE_SYMLINK_INSTALL=1 -DCMAKE_INSTALL_PREFIX=/home/ros2/manipulation_ws/install/manipulation_bringup
[1.508s] Invoking command in '/home/ros2/manipulation_ws/build/manipulation_bringup': CMAKE_PREFIX_PATH=${CMAKE_PREFIX_PATH}:/home/ros2/bookros2_ws/install/launch_pal:/home/ros2/bookros2_ws/install/br2_fsm_bumpgo_py:/opt/ros/humble /usr/bin/cmake --build /home/ros2/manipulation_ws/build/manipulation_bringup -- -j16 -l16
[1.526s] Invoked command in '/home/ros2/manipulation_ws/build/manipulation_bringup' returned '0': CMAKE_PREFIX_PATH=${CMAKE_PREFIX_PATH}:/home/ros2/bookros2_ws/install/launch_pal:/home/ros2/bookros2_ws/install/br2_fsm_bumpgo_py:/opt/ros/humble /usr/bin/cmake --build /home/ros2/manipulation_ws/build/manipulation_bringup -- -j16 -l16
[1.538s] Invoking command in '/home/ros2/manipulation_ws/build/manipulation_bringup': CMAKE_PREFIX_PATH=${CMAKE_PREFIX_PATH}:/home/ros2/bookros2_ws/install/launch_pal:/home/ros2/bookros2_ws/install/br2_fsm_bumpgo_py:/opt/ros/humble /usr/bin/cmake --install /home/ros2/manipulation_ws/build/manipulation_bringup
[1.541s] -- Install configuration: ""
[1.541s] -- Execute custom install script
[1.541s] -- Symlinking: /home/ros2/manipulation_ws/install/manipulation_bringup/share/manipulation_bringup//launch/manipulation_gazebo.launch.xml
[1.545s] -- Symlinking: /home/ros2/manipulation_ws/install/manipulation_bringup/share/ament_index/resource_index/package_run_dependencies/manipulation_bringup
[1.549s] -- Symlinking: /home/ros2/manipulation_ws/install/manipulation_bringup/share/ament_index/resource_index/parent_prefix_path/manipulation_bringup
[1.553s] -- Symlinking: /home/ros2/manipulation_ws/install/manipulation_bringup/share/manipulation_bringup/environment/ament_prefix_path.sh
[1.557s] -- Symlinking: /home/ros2/manipulation_ws/install/manipulation_bringup/share/manipulation_bringup/environment/ament_prefix_path.dsv
[1.560s] -- Symlinking: /home/ros2/manipulation_ws/install/manipulation_bringup/share/manipulation_bringup/environment/path.sh
[1.564s] -- Symlinking: /home/ros2/manipulation_ws/install/manipulation_bringup/share/manipulation_bringup/environment/path.dsv
[1.568s] -- Symlinking: /home/ros2/manipulation_ws/install/manipulation_bringup/share/manipulation_bringup/local_setup.bash
[1.571s] -- Symlinking: /home/ros2/manipulation_ws/install/manipulation_bringup/share/manipulation_bringup/local_setup.sh
[1.576s] -- Symlinking: /home/ros2/manipulation_ws/install/manipulation_bringup/share/manipulation_bringup/local_setup.zsh
[1.580s] -- Symlinking: /home/ros2/manipulation_ws/install/manipulation_bringup/share/manipulation_bringup/local_setup.dsv
[1.584s] -- Symlinking: /home/ros2/manipulation_ws/install/manipulation_bringup/share/manipulation_bringup/package.dsv
[1.587s] -- Symlinking: /home/ros2/manipulation_ws/install/manipulation_bringup/share/ament_index/resource_index/packages/manipulation_bringup
[1.591s] -- Symlinking: /home/ros2/manipulation_ws/install/manipulation_bringup/share/manipulation_bringup/cmake/manipulation_bringupConfig.cmake
[1.595s] -- Symlinking: /home/ros2/manipulation_ws/install/manipulation_bringup/share/manipulation_bringup/cmake/manipulation_bringupConfig-version.cmake
[1.599s] -- Symlinking: /home/ros2/manipulation_ws/install/manipulation_bringup/share/manipulation_bringup/package.xml
[1.603s] Invoked command in '/home/ros2/manipulation_ws/build/manipulation_bringup' returned '0': CMAKE_PREFIX_PATH=${CMAKE_PREFIX_PATH}:/home/ros2/bookros2_ws/install/launch_pal:/home/ros2/bookros2_ws/install/br2_fsm_bumpgo_py:/opt/ros/humble /usr/bin/cmake --install /home/ros2/manipulation_ws/build/manipulation_bringup
