-- Found ament_cmake: 1.3.9 (/opt/ros/humble/share/ament_cmake/cmake)
-- Override CMake install command with custom implementation using symlinks instead of copying resources
-- Configuring done
-- Generating done
-- Build files have been written to: /home/ros2/manipulation_ws/build/manipulation_bringup
-- Install configuration: ""
-- Execute custom install script
-- Up-to-date symlink: /home/ros2/manipulation_ws/install/manipulation_bringup/share/manipulation_bringup//launch/manipulation_gazebo.launch.xml
-- Up-to-date symlink: /home/ros2/manipulation_ws/install/manipulation_bringup/share/manipulation_bringup//rviz/urdf_config.rviz
-- Up-to-date symlink: /home/ros2/manipulation_ws/install/manipulation_bringup/share/ament_index/resource_index/package_run_dependencies/manipulation_bringup
-- Up-to-date symlink: /home/ros2/manipulation_ws/install/manipulation_bringup/share/ament_index/resource_index/parent_prefix_path/manipulation_bringup
-- Up-to-date symlink: /home/ros2/manipulation_ws/install/manipulation_bringup/share/manipulation_bringup/environment/ament_prefix_path.sh
-- Up-to-date symlink: /home/ros2/manipulation_ws/install/manipulation_bringup/share/manipulation_bringup/environment/ament_prefix_path.dsv
-- Up-to-date symlink: /home/ros2/manipulation_ws/install/manipulation_bringup/share/manipulation_bringup/environment/path.sh
-- Up-to-date symlink: /home/ros2/manipulation_ws/install/manipulation_bringup/share/manipulation_bringup/environment/path.dsv
-- Up-to-date symlink: /home/ros2/manipulation_ws/install/manipulation_bringup/share/manipulation_bringup/local_setup.bash
-- Up-to-date symlink: /home/ros2/manipulation_ws/install/manipulation_bringup/share/manipulation_bringup/local_setup.sh
-- Up-to-date symlink: /home/ros2/manipulation_ws/install/manipulation_bringup/share/manipulation_bringup/local_setup.zsh
-- Up-to-date symlink: /home/ros2/manipulation_ws/install/manipulation_bringup/share/manipulation_bringup/local_setup.dsv
-- Symlinking: /home/ros2/manipulation_ws/install/manipulation_bringup/share/manipulation_bringup/package.dsv
-- Up-to-date symlink: /home/ros2/manipulation_ws/install/manipulation_bringup/share/ament_index/resource_index/packages/manipulation_bringup
-- Up-to-date symlink: /home/ros2/manipulation_ws/install/manipulation_bringup/share/manipulation_bringup/cmake/manipulation_bringupConfig.cmake
-- Up-to-date symlink: /home/ros2/manipulation_ws/install/manipulation_bringup/share/manipulation_bringup/cmake/manipulation_bringupConfig-version.cmake
-- Up-to-date symlink: /home/ros2/manipulation_ws/install/manipulation_bringup/share/manipulation_bringup/package.xml
