[0.007s] Invoking command in '/home/ros2/manipulation_ws/build/manipulation_description': CMAKE_PREFIX_PATH=${CMAKE_PREFIX_PATH}:/home/ros2/bookros2_ws/install/launch_pal:/home/ros2/bookros2_ws/install/br2_fsm_bumpgo_py:/opt/ros/humble /usr/bin/cmake --build /home/ros2/manipulation_ws/build/manipulation_description -- -j16 -l16
[0.026s] Invoked command in '/home/ros2/manipulation_ws/build/manipulation_description' returned '0': CMAKE_PREFIX_PATH=${CMAKE_PREFIX_PATH}:/home/ros2/bookros2_ws/install/launch_pal:/home/ros2/bookros2_ws/install/br2_fsm_bumpgo_py:/opt/ros/humble /usr/bin/cmake --build /home/ros2/manipulation_ws/build/manipulation_description -- -j16 -l16
[0.042s] Invoking command in '/home/ros2/manipulation_ws/build/manipulation_description': CMAKE_PREFIX_PATH=${CMAKE_PREFIX_PATH}:/home/ros2/bookros2_ws/install/launch_pal:/home/ros2/bookros2_ws/install/br2_fsm_bumpgo_py:/opt/ros/humble /usr/bin/cmake --install /home/ros2/manipulation_ws/build/manipulation_description
[0.045s] -- Install configuration: ""
[0.045s] -- Up-to-date: /home/ros2/manipulation_ws/install/manipulation_description/share/manipulation_description//urdf
[0.045s] -- Up-to-date: /home/ros2/manipulation_ws/install/manipulation_description/share/manipulation_description//urdf/manipulation.urdf.xacro
[0.045s] -- Up-to-date: /home/ros2/manipulation_ws/install/manipulation_description/share/manipulation_description//urdf/arm.xacro
[0.045s] -- Up-to-date: /home/ros2/manipulation_ws/install/manipulation_description/share/manipulation_description//urdf/common_properties.xacro
[0.045s] -- Up-to-date: /home/ros2/manipulation_ws/install/manipulation_description/share/manipulation_description//launch
[0.045s] -- Installing: /home/ros2/manipulation_ws/install/manipulation_description/share/manipulation_description//launch/display_launch.xml
[0.046s] -- Up-to-date: /home/ros2/manipulation_ws/install/manipulation_description/share/manipulation_description//rviz
[0.046s] -- Up-to-date: /home/ros2/manipulation_ws/install/manipulation_description/share/ament_index/resource_index/package_run_dependencies/manipulation_description
[0.046s] -- Up-to-date: /home/ros2/manipulation_ws/install/manipulation_description/share/ament_index/resource_index/parent_prefix_path/manipulation_description
[0.046s] -- Up-to-date: /home/ros2/manipulation_ws/install/manipulation_description/share/manipulation_description/environment/ament_prefix_path.sh
[0.046s] -- Up-to-date: /home/ros2/manipulation_ws/install/manipulation_description/share/manipulation_description/environment/ament_prefix_path.dsv
[0.046s] -- Up-to-date: /home/ros2/manipulation_ws/install/manipulation_description/share/manipulation_description/environment/path.sh
[0.046s] -- Up-to-date: /home/ros2/manipulation_ws/install/manipulation_description/share/manipulation_description/environment/path.dsv
[0.046s] -- Up-to-date: /home/ros2/manipulation_ws/install/manipulation_description/share/manipulation_description/local_setup.bash
[0.046s] -- Up-to-date: /home/ros2/manipulation_ws/install/manipulation_description/share/manipulation_description/local_setup.sh
[0.046s] -- Up-to-date: /home/ros2/manipulation_ws/install/manipulation_description/share/manipulation_description/local_setup.zsh
[0.046s] -- Up-to-date: /home/ros2/manipulation_ws/install/manipulation_description/share/manipulation_description/local_setup.dsv
[0.047s] -- Installing: /home/ros2/manipulation_ws/install/manipulation_description/share/manipulation_description/package.dsv
[0.047s] -- Up-to-date: /home/ros2/manipulation_ws/install/manipulation_description/share/ament_index/resource_index/packages/manipulation_description
[0.047s] -- Up-to-date: /home/ros2/manipulation_ws/install/manipulation_description/share/manipulation_description/cmake/manipulation_descriptionConfig.cmake
[0.047s] -- Up-to-date: /home/ros2/manipulation_ws/install/manipulation_description/share/manipulation_description/cmake/manipulation_descriptionConfig-version.cmake
[0.047s] -- Up-to-date: /home/ros2/manipulation_ws/install/manipulation_description/share/manipulation_description/package.xml
[0.048s] Invoked command in '/home/ros2/manipulation_ws/build/manipulation_description' returned '0': CMAKE_PREFIX_PATH=${CMAKE_PREFIX_PATH}:/home/ros2/bookros2_ws/install/launch_pal:/home/ros2/bookros2_ws/install/br2_fsm_bumpgo_py:/opt/ros/humble /usr/bin/cmake --install /home/ros2/manipulation_ws/build/manipulation_description
